<?xml version="1.0" encoding="UTF-8"?>
<testng-results ignored="0" total="1" passed="1" failed="0" skipped="0">
  <reporter-output>
  </reporter-output>
  <suite started-at="2025-01-23T04:24:13 EET" name="Suite" finished-at="2025-01-23T04:24:50 EET" duration-ms="37610">
    <groups>
    </groups>
    <test started-at="2025-01-23T04:24:13 EET" name="Test" finished-at="2025-01-23T04:24:50 EET" duration-ms="37610">
      <class name="com.automationexercise.tests.TestCase1">
        <test-method is-config="true" signature="setup()[pri:0, instance:com.automationexercise.tests.TestCase1@514cd540]" started-at="2025-01-23T04:24:13 EET" name="setup" finished-at="2025-01-23T04:24:32 EET" duration-ms="19286" status="PASS">
          <reporter-output>
          </reporter-output>
        </test-method> <!-- setup -->
        <test-method signature="registerUser()[pri:0, instance:com.automationexercise.tests.TestCase1@514cd540]" started-at="2025-01-23T04:24:32 EET" name="registerUser" description="Test Case 1: Register User" finished-at="2025-01-23T04:24:50 EET" duration-ms="17723" status="PASS">
          <reporter-output>
          </reporter-output>
        </test-method> <!-- registerUser -->
        <test-method is-config="true" signature="tearDown()[pri:0, instance:com.automationexercise.tests.TestCase1@514cd540]" started-at="2025-01-23T04:24:50 EET" name="tearDown" finished-at="2025-01-23T04:24:50 EET" duration-ms="311" status="PASS">
          <reporter-output>
          </reporter-output>
        </test-method> <!-- tearDown -->
      </class> <!-- com.automationexercise.tests.TestCase1 -->
    </test> <!-- Test -->
  </suite> <!-- Suite -->
</testng-results>
