<?xml version="1.0" encoding="UTF-8"?>
<testsuite xmlns:xsi="http://www.w3.org/2001/XMLSchema-instance" xsi:noNamespaceSchemaLocation="https://maven.apache.org/surefire/maven-surefire-plugin/xsd/surefire-test-report-3.0.xsd" version="3.0" name="TestSuite" time="577.227" tests="26" errors="0" skipped="0" failures="11">
  <properties>
[...]
</properties>
  <testcase name="registerUser" classname="com.automationexercise.tests.TestCase1" time="5.592">
    <failure message="Element &lt;select id=&quot;days&quot; class=&quot;form-control&quot; name=&quot;days&quot;&gt; is not clickable at point (251,637) because another element &lt;iframe id=&quot;aswift_4&quot; name=&quot;aswift_4&quot; src=&quot;https://googleads.g.doubleclick.net/pagead/html/r20250116/r20190131/zrt_lookup_fy2021.html#RS-0-&amp;adk=1812271801&amp;client=ca-pub-1677597403311019&amp;fa=1&amp;ifi=5&amp;uci=a!5&amp;btvi=4&quot;&gt; obscures it&#10;Build info: version: &apos;4.9.0&apos;, revision: &apos;d7057100a6&apos;&#10;System info: os.name: &apos;Windows 11&apos;, os.arch: &apos;amd64&apos;, os.version: &apos;10.0&apos;, java.version: &apos;17.0.9&apos;&#10;Driver info: org.openqa.selenium.firefox.FirefoxDriver&#10;Command: [c8f0776e-eb7f-41ea-a182-155f6d1c0bdc, clickElement {id=d49d2c41-623f-4874-a259-ef6fc57763fe}]&#10;Capabilities {acceptInsecureCerts: true, browserName: firefox, browserVersion: 133.0.3, moz:accessibilityChecks: false, moz:buildID: 20241209150345, moz:geckodriverVersion: 0.35.0, moz:headless: true, moz:platformVersion: 10.0, moz:processID: 20188, moz:profile: C:\Users\g525585\AppData\Lo..., moz:shutdownTimeout: 60000, moz:webdriverClick: true, moz:windowless: false, pageLoadStrategy: normal, platformName: WINDOWS, proxy: Proxy(), setWindowRect: true, strictFileInteractability: false, timeouts: {implicit: 0, pageLoad: 300000, script: 30000}, unhandledPromptBehavior: dismiss and notify, userAgent: Mozilla/5.0 (Windows NT 10....}&#10;Element: [[[[FirefoxDriver: firefox on WINDOWS (c8f0776e-eb7f-41ea-a182-155f6d1c0bdc)] -&gt; id: days]] -&gt; xpath: .//option[@value = &quot;1&quot;]]&#10;Session ID: c8f0776e-eb7f-41ea-a182-155f6d1c0bdc" type="org.openqa.selenium.ElementClickInterceptedException"><![CDATA[org.openqa.selenium.ElementClickInterceptedException: 
Element <select id="days" class="form-control" name="days"> is not clickable at point (251,637) because another element <iframe id="aswift_4" name="aswift_4" src="https://googleads.g.doubleclick.net/pagead/html/r20250116/r20190131/zrt_lookup_fy2021.html#RS-0-&adk=1812271801&client=ca-pub-1677597403311019&fa=1&ifi=5&uci=a!5&btvi=4"> obscures it
Build info: version: '4.9.0', revision: 'd7057100a6'
System info: os.name: 'Windows 11', os.arch: 'amd64', os.version: '10.0', java.version: '17.0.9'
Driver info: org.openqa.selenium.firefox.FirefoxDriver
Command: [c8f0776e-eb7f-41ea-a182-155f6d1c0bdc, clickElement {id=d49d2c41-623f-4874-a259-ef6fc57763fe}]
Capabilities {acceptInsecureCerts: true, browserName: firefox, browserVersion: 133.0.3, moz:accessibilityChecks: false, moz:buildID: 20241209150345, moz:geckodriverVersion: 0.35.0, moz:headless: true, moz:platformVersion: 10.0, moz:processID: 20188, moz:profile: C:\Users\g525585\AppData\Lo..., moz:shutdownTimeout: 60000, moz:webdriverClick: true, moz:windowless: false, pageLoadStrategy: normal, platformName: WINDOWS, proxy: Proxy(), setWindowRect: true, strictFileInteractability: false, timeouts: {implicit: 0, pageLoad: 300000, script: 30000}, unhandledPromptBehavior: dismiss and notify, userAgent: Mozilla/5.0 (Windows NT 10....}
Element: [[[[FirefoxDriver: firefox on WINDOWS (c8f0776e-eb7f-41ea-a182-155f6d1c0bdc)] -> id: days]] -> xpath: .//option[@value = "1"]]
Session ID: c8f0776e-eb7f-41ea-a182-155f6d1c0bdc
	at java.base/jdk.internal.reflect.NativeConstructorAccessorImpl.newInstance0(Native Method)
	at java.base/jdk.internal.reflect.NativeConstructorAccessorImpl.newInstance(NativeConstructorAccessorImpl.java:77)
	at java.base/jdk.internal.reflect.DelegatingConstructorAccessorImpl.newInstance(DelegatingConstructorAccessorImpl.java:45)
	at java.base/java.lang.reflect.Constructor.newInstanceWithCaller(Constructor.java:499)
	at java.base/java.lang.reflect.Constructor.newInstance(Constructor.java:480)
	at org.openqa.selenium.remote.codec.w3c.W3CHttpResponseCodec.createException(W3CHttpResponseCodec.java:200)
	at org.openqa.selenium.remote.codec.w3c.W3CHttpResponseCodec.decode(W3CHttpResponseCodec.java:133)
	at org.openqa.selenium.remote.codec.w3c.W3CHttpResponseCodec.decode(W3CHttpResponseCodec.java:53)
	at org.openqa.selenium.remote.HttpCommandExecutor.execute(HttpCommandExecutor.java:193)
	at org.openqa.selenium.remote.service.DriverCommandExecutor.invokeExecute(DriverCommandExecutor.java:183)
	at org.openqa.selenium.remote.service.DriverCommandExecutor.execute(DriverCommandExecutor.java:158)
	at org.openqa.selenium.remote.RemoteWebDriver.execute(RemoteWebDriver.java:543)
	at org.openqa.selenium.remote.RemoteWebElement.execute(RemoteWebElement.java:257)
	at org.openqa.selenium.remote.RemoteWebElement.click(RemoteWebElement.java:78)
	at org.openqa.selenium.support.ui.Select.setSelected(Select.java:320)
	at org.openqa.selenium.support.ui.Select.selectByValue(Select.java:195)
	at com.automationexercise.pages.EnterAccountInformationPage.fillAccountDetails(EnterAccountInformationPage.java:90)
	at com.automationexercise.tests.TestCase1.verifyThatAccountCreatedIsVisible(TestCase1.java:79)
	at com.automationexercise.tests.TestCase1.registerUser(TestCase1.java:45)
	at java.base/jdk.internal.reflect.NativeMethodAccessorImpl.invoke0(Native Method)
	at java.base/jdk.internal.reflect.NativeMethodAccessorImpl.invoke(NativeMethodAccessorImpl.java:77)
	at java.base/jdk.internal.reflect.DelegatingMethodAccessorImpl.invoke(DelegatingMethodAccessorImpl.java:43)
	at java.base/java.lang.reflect.Method.invoke(Method.java:568)
	at org.testng.internal.invokers.MethodInvocationHelper.invokeMethod(MethodInvocationHelper.java:139)
	at org.testng.internal.invokers.TestInvoker.invokeMethod(TestInvoker.java:677)
	at org.testng.internal.invokers.TestInvoker.invokeTestMethod(TestInvoker.java:221)
	at org.testng.internal.invokers.MethodRunner.runInSequence(MethodRunner.java:50)
	at org.testng.internal.invokers.TestInvoker$MethodInvocationAgent.invoke(TestInvoker.java:969)
	at org.testng.internal.invokers.TestInvoker.invokeTestMethods(TestInvoker.java:194)
	at org.testng.internal.invokers.TestMethodWorker.invokeTestMethods(TestMethodWorker.java:148)
	at org.testng.internal.invokers.TestMethodWorker.run(TestMethodWorker.java:128)
	at java.base/java.util.concurrent.ThreadPoolExecutor.runWorker(ThreadPoolExecutor.java:1136)
	at java.base/java.util.concurrent.ThreadPoolExecutor$Worker.run(ThreadPoolExecutor.java:635)
	at java.base/java.lang.Thread.run(Thread.java:842)
]]></failure>
    <system-err><![CDATA[SLF4J: Class path contains multiple SLF4J providers.
SLF4J: Found provider [org.slf4j.simple.SimpleServiceProvider@5b38c1ec]
SLF4J: Found provider [ch.qos.logback.classic.spi.LogbackServiceProvider@338fc1d8]
SLF4J: See https://www.slf4j.org/codes.html#multiple_bindings for an explanation.
SLF4J: Actual provider is of type [org.slf4j.simple.SimpleServiceProvider@5b38c1ec]
1737563397453	geckodriver	INFO	Listening on 127.0.0.1:13683
1737563398625	mozrunner::runner	INFO	Running command: "C:\\Program Files\\Mozilla Firefox\\firefox.exe" "--marionette" "--headless" "--private" "--remote-debuggin ... localhost:2234/,http://[::1]:2234/" "-no-remote" "-profile" "C:\\Users\\g525585\\AppData\\Local\\Temp\\rust_mozprofile6qkLkk"
*** You are running in headless mode.
console.warn: services.settings: Ignoring preference override of remote settings server
console.warn: services.settings: Allow by setting MOZ_REMOTE_SETTINGS_DEVTOOLS=1 in the environment
Dynamically enable window occlusion 0
1737563405490	Marionette	INFO	Marionette enabled
1737563405918	Marionette	INFO	Listening on port 53914
WebDriver BiDi listening on ws://127.0.0.1:2234
Read port: 53914
1737563406250	RemoteAgent	WARN	TLS certificate errors will be ignored for this session
[GFX1-]: RenderCompositorSWGL failed mapping default framebuffer, no dt
console.error: ({})
JavaScript warning: https://automationexercise.com/static/js/jquery.js, line 2: Using //@ to indicate sourceMappingURL pragmas is deprecated. Use //# instead
JavaScript error: , line 0: uncaught exception: undefined
JavaScript warning: https://automationexercise.com/static/js/jquery.js, line 2: Using //@ to indicate sourceMappingURL pragmas is deprecated. Use //# instead
console.warn: LoginRecipes: "Falling back to a synchronous message for: https://automationexercise.com."
console.warn: LoginRecipes: "Falling back to a synchronous message for: https://automationexercise.com."
console.warn: LoginRecipes: "Falling back to a synchronous message for: https://automationexercise.com."
console.warn: LoginRecipes: "Falling back to a synchronous message for: https://automationexercise.com."
JavaScript error: , line 0: uncaught exception: undefined
JavaScript warning: https://automationexercise.com/static/js/jquery.js, line 2: Using //@ to indicate sourceMappingURL pragmas is deprecated. Use //# instead
console.error: ({})
JavaScript error: resource://gre/actors/FormHandlerChild.sys.mjs, line 103: InvalidStateError: JSWindowActorChild.document getter: Cannot access property 'document' after actor 'FormHandler' has been destroyed
]]></system-err>
  </testcase>
  <testcase name="loginUserWithCorrectEmailAndPassword" classname="com.automationexercise.tests.TestCase2" time="3.347">
    <failure message="Unable to locate element: //*[@id=&apos;header&apos;]/div/div/div/div[2]/div/ul/li[10]/a/b&#10;For documentation on this error, please visit: https://selenium.dev/exceptions/#no_such_element&#10;Build info: version: &apos;4.9.0&apos;, revision: &apos;d7057100a6&apos;&#10;System info: os.name: &apos;Windows 11&apos;, os.arch: &apos;amd64&apos;, os.version: &apos;10.0&apos;, java.version: &apos;17.0.9&apos;&#10;Driver info: org.openqa.selenium.firefox.FirefoxDriver&#10;Command: [7169f030-8f30-4397-ac09-de95fe46beab, findElement {using=xpath, value=//*[@id=&apos;header&apos;]/div/div/div/div[2]/div/ul/li[10]/a/b}]&#10;Capabilities {acceptInsecureCerts: true, browserName: firefox, browserVersion: 133.0.3, moz:accessibilityChecks: false, moz:buildID: 20241209150345, moz:geckodriverVersion: 0.35.0, moz:headless: true, moz:platformVersion: 10.0, moz:processID: 31888, moz:profile: C:\Users\g525585\AppData\Lo..., moz:shutdownTimeout: 60000, moz:webdriverClick: true, moz:windowless: false, pageLoadStrategy: normal, platformName: WINDOWS, proxy: Proxy(), setWindowRect: true, strictFileInteractability: false, timeouts: {implicit: 0, pageLoad: 300000, script: 30000}, unhandledPromptBehavior: dismiss and notify, userAgent: Mozilla/5.0 (Windows NT 10....}&#10;Session ID: 7169f030-8f30-4397-ac09-de95fe46beab" type="org.openqa.selenium.NoSuchElementException"><![CDATA[org.openqa.selenium.NoSuchElementException: 
Unable to locate element: //*[@id='header']/div/div/div/div[2]/div/ul/li[10]/a/b
For documentation on this error, please visit: https://selenium.dev/exceptions/#no_such_element
Build info: version: '4.9.0', revision: 'd7057100a6'
System info: os.name: 'Windows 11', os.arch: 'amd64', os.version: '10.0', java.version: '17.0.9'
Driver info: org.openqa.selenium.firefox.FirefoxDriver
Command: [7169f030-8f30-4397-ac09-de95fe46beab, findElement {using=xpath, value=//*[@id='header']/div/div/div/div[2]/div/ul/li[10]/a/b}]
Capabilities {acceptInsecureCerts: true, browserName: firefox, browserVersion: 133.0.3, moz:accessibilityChecks: false, moz:buildID: 20241209150345, moz:geckodriverVersion: 0.35.0, moz:headless: true, moz:platformVersion: 10.0, moz:processID: 31888, moz:profile: C:\Users\g525585\AppData\Lo..., moz:shutdownTimeout: 60000, moz:webdriverClick: true, moz:windowless: false, pageLoadStrategy: normal, platformName: WINDOWS, proxy: Proxy(), setWindowRect: true, strictFileInteractability: false, timeouts: {implicit: 0, pageLoad: 300000, script: 30000}, unhandledPromptBehavior: dismiss and notify, userAgent: Mozilla/5.0 (Windows NT 10....}
Session ID: 7169f030-8f30-4397-ac09-de95fe46beab
	at java.base/jdk.internal.reflect.NativeConstructorAccessorImpl.newInstance0(Native Method)
	at java.base/jdk.internal.reflect.NativeConstructorAccessorImpl.newInstance(NativeConstructorAccessorImpl.java:77)
	at java.base/jdk.internal.reflect.DelegatingConstructorAccessorImpl.newInstance(DelegatingConstructorAccessorImpl.java:45)
	at java.base/java.lang.reflect.Constructor.newInstanceWithCaller(Constructor.java:499)
	at java.base/java.lang.reflect.Constructor.newInstance(Constructor.java:480)
	at org.openqa.selenium.remote.codec.w3c.W3CHttpResponseCodec.createException(W3CHttpResponseCodec.java:200)
	at org.openqa.selenium.remote.codec.w3c.W3CHttpResponseCodec.decode(W3CHttpResponseCodec.java:133)
	at org.openqa.selenium.remote.codec.w3c.W3CHttpResponseCodec.decode(W3CHttpResponseCodec.java:53)
	at org.openqa.selenium.remote.HttpCommandExecutor.execute(HttpCommandExecutor.java:193)
	at org.openqa.selenium.remote.service.DriverCommandExecutor.invokeExecute(DriverCommandExecutor.java:183)
	at org.openqa.selenium.remote.service.DriverCommandExecutor.execute(DriverCommandExecutor.java:158)
	at org.openqa.selenium.remote.RemoteWebDriver.execute(RemoteWebDriver.java:543)
	at org.openqa.selenium.remote.ElementLocation$ElementFinder$2.findElement(ElementLocation.java:162)
	at org.openqa.selenium.remote.ElementLocation.findElement(ElementLocation.java:60)
	at org.openqa.selenium.remote.RemoteWebDriver.findElement(RemoteWebDriver.java:352)
	at org.openqa.selenium.remote.RemoteWebDriver.findElement(RemoteWebDriver.java:344)
	at org.openqa.selenium.support.pagefactory.DefaultElementLocator.findElement(DefaultElementLocator.java:70)
	at org.openqa.selenium.support.pagefactory.internal.LocatingElementHandler.invoke(LocatingElementHandler.java:39)
	at jdk.proxy2/jdk.proxy2.$Proxy22.getText(Unknown Source)
	at com.automationexercise.tests.TestCase2.verifyThatLoggedInAsUsernameIsVisible(TestCase2.java:49)
	at com.automationexercise.tests.TestCase2.loginUserWithCorrectEmailAndPassword(TestCase2.java:32)
	at java.base/jdk.internal.reflect.NativeMethodAccessorImpl.invoke0(Native Method)
	at java.base/jdk.internal.reflect.NativeMethodAccessorImpl.invoke(NativeMethodAccessorImpl.java:77)
	at java.base/jdk.internal.reflect.DelegatingMethodAccessorImpl.invoke(DelegatingMethodAccessorImpl.java:43)
	at java.base/java.lang.reflect.Method.invoke(Method.java:568)
	at org.testng.internal.invokers.MethodInvocationHelper.invokeMethod(MethodInvocationHelper.java:139)
	at org.testng.internal.invokers.TestInvoker.invokeMethod(TestInvoker.java:677)
	at org.testng.internal.invokers.TestInvoker.invokeTestMethod(TestInvoker.java:221)
	at org.testng.internal.invokers.MethodRunner.runInSequence(MethodRunner.java:50)
	at org.testng.internal.invokers.TestInvoker$MethodInvocationAgent.invoke(TestInvoker.java:969)
	at org.testng.internal.invokers.TestInvoker.invokeTestMethods(TestInvoker.java:194)
	at org.testng.internal.invokers.TestMethodWorker.invokeTestMethods(TestMethodWorker.java:148)
	at org.testng.internal.invokers.TestMethodWorker.run(TestMethodWorker.java:128)
	at java.base/java.util.concurrent.ThreadPoolExecutor.runWorker(ThreadPoolExecutor.java:1136)
	at java.base/java.util.concurrent.ThreadPoolExecutor$Worker.run(ThreadPoolExecutor.java:635)
	at java.base/java.lang.Thread.run(Thread.java:842)
]]></failure>
    <system-err><![CDATA[1737563422515	Marionette	INFO	Stopped listening on port 53914
JavaScript warning: https://pagead2.googlesyndication.com/pagead/managed/js/activeview/current/ufs_web_display.js, line 13: Script terminated by timeout at:
C@https://pagead2.googlesyndication.com/pagead/managed/js/activeview/current/ufs_web_display.js:13:325
Sa.prototype.Ub/<@https://pagead2.googlesyndication.com/pagead/managed/js/activeview/current/ufs_web_display.js:48:280

Dynamically enable window occlusion 1
JavaScript error: , line 0: TypeError: NetworkError when attempting to fetch resource.
JavaScript error: , line 0: TypeError: NetworkError when attempting to fetch resource.
JavaScript warning: https://pagead2.googlesyndication.com/bg/-ZrLev80KaSl5LH5OCbnZGHu6yLSb3tRGuwaxGVnUsM.js line 2 > eval line 4815 > eval line 1 > eval line 1 > eval, line 1: WEBGL_debug_renderer_info is deprecated in Firefox and will be removed. Please use RENDERER.
1737563425581	geckodriver	INFO	Listening on 127.0.0.1:13213
1737563425700	mozrunner::runner	INFO	Running command: "C:\\Program Files\\Mozilla Firefox\\firefox.exe" "--marionette" "--headless" "--private" "--remote-debuggin ... calhost:47310/,http://[::1]:47310/" "-no-remote" "-profile" "C:\\Users\\g525585\\AppData\\Local\\Temp\\rust_mozprofilePQWwcv"
*** You are running in headless mode.
console.warn: services.settings: Ignoring preference override of remote settings server
console.warn: services.settings: Allow by setting MOZ_REMOTE_SETTINGS_DEVTOOLS=1 in the environment
Dynamically enable window occlusion 0
1737563426541	Marionette	INFO	Marionette enabled
1737563426835	Marionette	INFO	Listening on port 54143
WebDriver BiDi listening on ws://127.0.0.1:47310
Read port: 54143
1737563427151	RemoteAgent	WARN	TLS certificate errors will be ignored for this session
[GFX1-]: RenderCompositorSWGL failed mapping default framebuffer, no dt
console.error: ({})
JavaScript warning: https://automationexercise.com/static/js/jquery.js, line 2: Using //@ to indicate sourceMappingURL pragmas is deprecated. Use //# instead
JavaScript warning: https://automationexercise.com/static/js/jquery.js, line 2: Using //@ to indicate sourceMappingURL pragmas is deprecated. Use //# instead
console.warn: LoginRecipes: "Falling back to a synchronous message for: https://automationexercise.com."
console.warn: LoginRecipes: "Falling back to a synchronous message for: https://automationexercise.com."
JavaScript error: , line 0: uncaught exception: undefined
JavaScript warning: https://automationexercise.com/static/js/jquery.js, line 2: Using //@ to indicate sourceMappingURL pragmas is deprecated. Use //# instead
JavaScript error: resource://gre/actors/FormHandlerChild.sys.mjs, line 103: InvalidStateError: JSWindowActorChild.document getter: Cannot access property 'document' after actor 'FormHandler' has been destroyed
]]></system-err>
  </testcase>
  <testcase name="loginUserWithIncorrectEmailAndPassword" classname="com.automationexercise.tests.TestCase3" time="3.715">
    <system-err><![CDATA[1737563441161	Marionette	INFO	Stopped listening on port 54143
Dynamically enable window occlusion 1
1737563443288	geckodriver	INFO	Listening on 127.0.0.1:28398
1737563443433	mozrunner::runner	INFO	Running command: "C:\\Program Files\\Mozilla Firefox\\firefox.exe" "--marionette" "--headless" "--private" "--remote-debuggin ... calhost:29439/,http://[::1]:29439/" "-no-remote" "-profile" "C:\\Users\\g525585\\AppData\\Local\\Temp\\rust_mozprofileVLtKau"
*** You are running in headless mode.
console.warn: services.settings: Ignoring preference override of remote settings server
console.warn: services.settings: Allow by setting MOZ_REMOTE_SETTINGS_DEVTOOLS=1 in the environment
Dynamically enable window occlusion 0
1737563444413	Marionette	INFO	Marionette enabled
1737563444627	Marionette	INFO	Listening on port 54265
WebDriver BiDi listening on ws://127.0.0.1:29439
Read port: 54265
1737563444873	RemoteAgent	WARN	TLS certificate errors will be ignored for this session
[GFX1-]: RenderCompositorSWGL failed mapping default framebuffer, no dt
console.error: ({})
JavaScript warning: https://automationexercise.com/static/js/jquery.js, line 2: Using //@ to indicate sourceMappingURL pragmas is deprecated. Use //# instead
JavaScript warning: https://automationexercise.com/static/js/jquery.js, line 2: Using //@ to indicate sourceMappingURL pragmas is deprecated. Use //# instead
console.warn: LoginRecipes: "Falling back to a synchronous message for: https://automationexercise.com."
console.warn: LoginRecipes: "Falling back to a synchronous message for: https://automationexercise.com."
JavaScript error: , line 0: uncaught exception: undefined
JavaScript warning: https://automationexercise.com/static/js/jquery.js, line 2: Using //@ to indicate sourceMappingURL pragmas is deprecated. Use //# instead
JavaScript error: resource://gre/actors/FormHandlerChild.sys.mjs, line 103: InvalidStateError: JSWindowActorChild.document getter: Cannot access property 'document' after actor 'FormHandler' has been destroyed
]]></system-err>
  </testcase>
  <testcase name="logoutUser" classname="com.automationexercise.tests.TestCase4" time="3.181">
    <failure message="Unable to locate element: //*[@id=&apos;header&apos;]/div/div/div/div[2]/div/ul/li[10]/a/b&#10;For documentation on this error, please visit: https://selenium.dev/exceptions/#no_such_element&#10;Build info: version: &apos;4.9.0&apos;, revision: &apos;d7057100a6&apos;&#10;System info: os.name: &apos;Windows 11&apos;, os.arch: &apos;amd64&apos;, os.version: &apos;10.0&apos;, java.version: &apos;17.0.9&apos;&#10;Driver info: org.openqa.selenium.firefox.FirefoxDriver&#10;Command: [f74e0105-50b2-435d-895f-239ee93c1664, findElement {using=xpath, value=//*[@id=&apos;header&apos;]/div/div/div/div[2]/div/ul/li[10]/a/b}]&#10;Capabilities {acceptInsecureCerts: true, browserName: firefox, browserVersion: 133.0.3, moz:accessibilityChecks: false, moz:buildID: 20241209150345, moz:geckodriverVersion: 0.35.0, moz:headless: true, moz:platformVersion: 10.0, moz:processID: 13728, moz:profile: C:\Users\g525585\AppData\Lo..., moz:shutdownTimeout: 60000, moz:webdriverClick: true, moz:windowless: false, pageLoadStrategy: normal, platformName: WINDOWS, proxy: Proxy(), setWindowRect: true, strictFileInteractability: false, timeouts: {implicit: 0, pageLoad: 300000, script: 30000}, unhandledPromptBehavior: dismiss and notify, userAgent: Mozilla/5.0 (Windows NT 10....}&#10;Session ID: f74e0105-50b2-435d-895f-239ee93c1664" type="org.openqa.selenium.NoSuchElementException"><![CDATA[org.openqa.selenium.NoSuchElementException: 
Unable to locate element: //*[@id='header']/div/div/div/div[2]/div/ul/li[10]/a/b
For documentation on this error, please visit: https://selenium.dev/exceptions/#no_such_element
Build info: version: '4.9.0', revision: 'd7057100a6'
System info: os.name: 'Windows 11', os.arch: 'amd64', os.version: '10.0', java.version: '17.0.9'
Driver info: org.openqa.selenium.firefox.FirefoxDriver
Command: [f74e0105-50b2-435d-895f-239ee93c1664, findElement {using=xpath, value=//*[@id='header']/div/div/div/div[2]/div/ul/li[10]/a/b}]
Capabilities {acceptInsecureCerts: true, browserName: firefox, browserVersion: 133.0.3, moz:accessibilityChecks: false, moz:buildID: 20241209150345, moz:geckodriverVersion: 0.35.0, moz:headless: true, moz:platformVersion: 10.0, moz:processID: 13728, moz:profile: C:\Users\g525585\AppData\Lo..., moz:shutdownTimeout: 60000, moz:webdriverClick: true, moz:windowless: false, pageLoadStrategy: normal, platformName: WINDOWS, proxy: Proxy(), setWindowRect: true, strictFileInteractability: false, timeouts: {implicit: 0, pageLoad: 300000, script: 30000}, unhandledPromptBehavior: dismiss and notify, userAgent: Mozilla/5.0 (Windows NT 10....}
Session ID: f74e0105-50b2-435d-895f-239ee93c1664
	at java.base/jdk.internal.reflect.NativeConstructorAccessorImpl.newInstance0(Native Method)
	at java.base/jdk.internal.reflect.NativeConstructorAccessorImpl.newInstance(NativeConstructorAccessorImpl.java:77)
	at java.base/jdk.internal.reflect.DelegatingConstructorAccessorImpl.newInstance(DelegatingConstructorAccessorImpl.java:45)
	at java.base/java.lang.reflect.Constructor.newInstanceWithCaller(Constructor.java:499)
	at java.base/java.lang.reflect.Constructor.newInstance(Constructor.java:480)
	at org.openqa.selenium.remote.codec.w3c.W3CHttpResponseCodec.createException(W3CHttpResponseCodec.java:200)
	at org.openqa.selenium.remote.codec.w3c.W3CHttpResponseCodec.decode(W3CHttpResponseCodec.java:133)
	at org.openqa.selenium.remote.codec.w3c.W3CHttpResponseCodec.decode(W3CHttpResponseCodec.java:53)
	at org.openqa.selenium.remote.HttpCommandExecutor.execute(HttpCommandExecutor.java:193)
	at org.openqa.selenium.remote.service.DriverCommandExecutor.invokeExecute(DriverCommandExecutor.java:183)
	at org.openqa.selenium.remote.service.DriverCommandExecutor.execute(DriverCommandExecutor.java:158)
	at org.openqa.selenium.remote.RemoteWebDriver.execute(RemoteWebDriver.java:543)
	at org.openqa.selenium.remote.ElementLocation$ElementFinder$2.findElement(ElementLocation.java:162)
	at org.openqa.selenium.remote.ElementLocation.findElement(ElementLocation.java:60)
	at org.openqa.selenium.remote.RemoteWebDriver.findElement(RemoteWebDriver.java:352)
	at org.openqa.selenium.remote.RemoteWebDriver.findElement(RemoteWebDriver.java:344)
	at org.openqa.selenium.support.pagefactory.DefaultElementLocator.findElement(DefaultElementLocator.java:70)
	at org.openqa.selenium.support.pagefactory.internal.LocatingElementHandler.invoke(LocatingElementHandler.java:39)
	at jdk.proxy2/jdk.proxy2.$Proxy22.getText(Unknown Source)
	at com.automationexercise.tests.TestCase2.verifyThatLoggedInAsUsernameIsVisible(TestCase2.java:49)
	at com.automationexercise.tests.TestCase2.loginUserWithCorrectEmailAndPassword(TestCase2.java:32)
	at com.automationexercise.tests.TestCase4.logoutUser(TestCase4.java:30)
	at java.base/jdk.internal.reflect.NativeMethodAccessorImpl.invoke0(Native Method)
	at java.base/jdk.internal.reflect.NativeMethodAccessorImpl.invoke(NativeMethodAccessorImpl.java:77)
	at java.base/jdk.internal.reflect.DelegatingMethodAccessorImpl.invoke(DelegatingMethodAccessorImpl.java:43)
	at java.base/java.lang.reflect.Method.invoke(Method.java:568)
	at org.testng.internal.invokers.MethodInvocationHelper.invokeMethod(MethodInvocationHelper.java:139)
	at org.testng.internal.invokers.TestInvoker.invokeMethod(TestInvoker.java:677)
	at org.testng.internal.invokers.TestInvoker.invokeTestMethod(TestInvoker.java:221)
	at org.testng.internal.invokers.MethodRunner.runInSequence(MethodRunner.java:50)
	at org.testng.internal.invokers.TestInvoker$MethodInvocationAgent.invoke(TestInvoker.java:969)
	at org.testng.internal.invokers.TestInvoker.invokeTestMethods(TestInvoker.java:194)
	at org.testng.internal.invokers.TestMethodWorker.invokeTestMethods(TestMethodWorker.java:148)
	at org.testng.internal.invokers.TestMethodWorker.run(TestMethodWorker.java:128)
	at java.base/java.util.concurrent.ThreadPoolExecutor.runWorker(ThreadPoolExecutor.java:1136)
	at java.base/java.util.concurrent.ThreadPoolExecutor$Worker.run(ThreadPoolExecutor.java:635)
	at java.base/java.lang.Thread.run(Thread.java:842)
]]></failure>
    <system-err><![CDATA[1737563461733	Marionette	INFO	Stopped listening on port 54265
Dynamically enable window occlusion 1
1737563464283	geckodriver	INFO	Listening on 127.0.0.1:36011
1737563464393	mozrunner::runner	INFO	Running command: "C:\\Program Files\\Mozilla Firefox\\firefox.exe" "--marionette" "--headless" "--private" "--remote-debuggin ... calhost:45879/,http://[::1]:45879/" "-no-remote" "-profile" "C:\\Users\\g525585\\AppData\\Local\\Temp\\rust_mozprofilegJ2fhA"
*** You are running in headless mode.
console.warn: services.settings: Ignoring preference override of remote settings server
console.warn: services.settings: Allow by setting MOZ_REMOTE_SETTINGS_DEVTOOLS=1 in the environment
Dynamically enable window occlusion 0
1737563465731	Marionette	INFO	Marionette enabled
1737563465962	Marionette	INFO	Listening on port 54432
WebDriver BiDi listening on ws://127.0.0.1:45879
Read port: 54432
1737563466221	RemoteAgent	WARN	TLS certificate errors will be ignored for this session
[GFX1-]: RenderCompositorSWGL failed mapping default framebuffer, no dt
console.error: ({})
JavaScript warning: https://automationexercise.com/static/js/jquery.js, line 2: Using //@ to indicate sourceMappingURL pragmas is deprecated. Use //# instead
JavaScript warning: https://automationexercise.com/static/js/jquery.js, line 2: Using //@ to indicate sourceMappingURL pragmas is deprecated. Use //# instead
console.warn: LoginRecipes: "Falling back to a synchronous message for: https://automationexercise.com."
console.warn: LoginRecipes: "Falling back to a synchronous message for: https://automationexercise.com."
JavaScript warning: https://automationexercise.com/static/js/jquery.js, line 2: Using //@ to indicate sourceMappingURL pragmas is deprecated. Use //# instead
JavaScript error: resource://gre/actors/FormHandlerChild.sys.mjs, line 103: InvalidStateError: JSWindowActorChild.document getter: Cannot access property 'document' after actor 'FormHandler' has been destroyed
]]></system-err>
  </testcase>
  <testcase name="registerUserWithExistingEmail" classname="com.automationexercise.tests.TestCase5" time="4.891">
    <system-err><![CDATA[1737563478979	Marionette	INFO	Stopped listening on port 54432
Dynamically enable window occlusion 1
1737563481036	geckodriver	INFO	Listening on 127.0.0.1:39340
1737563481139	mozrunner::runner	INFO	Running command: "C:\\Program Files\\Mozilla Firefox\\firefox.exe" "--marionette" "--headless" "--private" "--remote-debuggin ... calhost:34142/,http://[::1]:34142/" "-no-remote" "-profile" "C:\\Users\\g525585\\AppData\\Local\\Temp\\rust_mozprofileCmRsVi"
*** You are running in headless mode.
console.warn: services.settings: Ignoring preference override of remote settings server
console.warn: services.settings: Allow by setting MOZ_REMOTE_SETTINGS_DEVTOOLS=1 in the environment
Dynamically enable window occlusion 0
1737563481819	Marionette	INFO	Marionette enabled
1737563482069	Marionette	INFO	Listening on port 54583
WebDriver BiDi listening on ws://127.0.0.1:34142
Read port: 54583
1737563482317	RemoteAgent	WARN	TLS certificate errors will be ignored for this session
[GFX1-]: RenderCompositorSWGL failed mapping default framebuffer, no dt
console.error: ({})
JavaScript warning: https://automationexercise.com/static/js/jquery.js, line 2: Using //@ to indicate sourceMappingURL pragmas is deprecated. Use //# instead
JavaScript warning: https://automationexercise.com/static/js/jquery.js, line 2: Using //@ to indicate sourceMappingURL pragmas is deprecated. Use //# instead
console.warn: LoginRecipes: "Falling back to a synchronous message for: https://automationexercise.com."
console.warn: LoginRecipes: "Falling back to a synchronous message for: https://automationexercise.com."
console.warn: LoginRecipes: "Falling back to a synchronous message for: https://automationexercise.com."
console.warn: LoginRecipes: "Falling back to a synchronous message for: https://automationexercise.com."
JavaScript warning: https://automationexercise.com/static/js/jquery.js, line 2: Using //@ to indicate sourceMappingURL pragmas is deprecated. Use //# instead
console.error: ({})
JavaScript error: resource://gre/actors/FormHandlerChild.sys.mjs, line 103: InvalidStateError: JSWindowActorChild.document getter: Cannot access property 'document' after actor 'FormHandler' has been destroyed
]]></system-err>
  </testcase>
  <testcase name="contactUsForm" classname="com.automationexercise.tests.TestCase6" time="10.578">
    <system-err><![CDATA[1737563503222	Marionette	INFO	Stopped listening on port 54583
JavaScript warning: https://tpc.googlesyndication.com/pagead/js/r20250116/r20110914/client/qs_click_protection_fy2021.js, line 27: Script terminated by timeout at:
Y@https://tpc.googlesyndication.com/pagead/js/r20250116/r20110914/client/qs_click_protection_fy2021.js:27:590
nc/a.o<@https://tpc.googlesyndication.com/pagead/js/r20250116/r20110914/client/qs_click_protection_fy2021.js:31:186
X.prototype.A@https://tpc.googlesyndication.com/pagead/js/r20250116/r20110914/client/qs_click_protection_fy2021.js:27:398

Dynamically enable window occlusion 1
JavaScript error: , line 0: TypeError: NetworkError when attempting to fetch resource.
JavaScript error: , line 0: TypeError: NetworkError when attempting to fetch resource.
JavaScript error: , line 0: TypeError: NetworkError when attempting to fetch resource.
1737563505394	geckodriver	INFO	Listening on 127.0.0.1:10171
1737563505494	mozrunner::runner	INFO	Running command: "C:\\Program Files\\Mozilla Firefox\\firefox.exe" "--marionette" "--headless" "--private" "--remote-debuggin ... calhost:31196/,http://[::1]:31196/" "-no-remote" "-profile" "C:\\Users\\g525585\\AppData\\Local\\Temp\\rust_mozprofilerIFDfx"
*** You are running in headless mode.
console.warn: services.settings: Ignoring preference override of remote settings server
console.warn: services.settings: Allow by setting MOZ_REMOTE_SETTINGS_DEVTOOLS=1 in the environment
Dynamically enable window occlusion 0
1737563506263	Marionette	INFO	Marionette enabled
1737563506485	Marionette	INFO	Listening on port 54725
WebDriver BiDi listening on ws://127.0.0.1:31196
Read port: 54725
1737563506698	RemoteAgent	WARN	TLS certificate errors will be ignored for this session
[GFX1-]: RenderCompositorSWGL failed mapping default framebuffer, no dt
console.error: ({})
JavaScript warning: https://automationexercise.com/static/js/jquery.js, line 2: Using //@ to indicate sourceMappingURL pragmas is deprecated. Use //# instead
JavaScript warning: https://automationexercise.com/static/js/jquery.js, line 2: Using //@ to indicate sourceMappingURL pragmas is deprecated. Use //# instead
JavaScript error: , line 0: uncaught exception: undefined
JavaScript warning: https://automationexercise.com/static/js/jquery.js, line 2: Using //@ to indicate sourceMappingURL pragmas is deprecated. Use //# instead
]]></system-err>
  </testcase>
  <testcase name="verifyTestCasesPage" classname="com.automationexercise.tests.TestCase7" time="2.119">
    <system-err><![CDATA[1737563530633	Marionette	INFO	Stopped listening on port 54725
JavaScript warning: https://pagead2.googlesyndication.com/bg/-ZrLev80KaSl5LH5OCbnZGHu6yLSb3tRGuwaxGVnUsM.js line 2 > eval line 6771 > eval line 1 > eval line 1 > eval, line 1: Script terminated by timeout at:
b@https://pagead2.googlesyndication.com/bg/-ZrLev80KaSl5LH5OCbnZGHu6yLSb3tRGuwaxGVnUsM.js line 2 > eval line 6771 > eval line 1 > eval line 1 > eval:1:24
@https://pagead2.googlesyndication.com/bg/-ZrLev80KaSl5LH5OCbnZGHu6yLSb3tRGuwaxGVnUsM.js line 2 > eval line 6771 > eval line 1 > eval line 1 > eval:1:128
fb@https://pagead2.googlesyndication.com/bg/-ZrLev80KaSl5LH5OCbnZGHu6yLSb3tRGuwaxGVnUsM.js line 2 > eval line 6771 > eval line 1 > eval line 1 > eval:1:203
JZ@https://pagead2.googlesyndication.com/bg/-ZrLev80KaSl5LH5OCbnZGHu6yLSb3tRGuwaxGVnUsM.js line 2 > eval line 6771 > eval line 1 > eval line 1 > eval:1:48
@https://pagead2.googlesyndication.com/bg/-ZrLev80KaSl5LH5OCbnZGHu6yLSb3tRGuwaxGVnUsM.js line 2 > eval:6771:50962
Dr@https://pagead2.googlesyndication.com/bg/-ZrLev80KaSl5LH5OCbnZGHu6yLSb3tRGuwaxGVnUsM.js line 2 > eval:6771:35136
$P@https://pagead2.googlesyndication.com/bg/-ZrLev80KaSl5LH5OCbnZGHu6yLSb3tRGuwaxGVnUsM.js line 2 > eval:6771:16798
M@https://pagead2.googlesyndication.com/bg/-ZrLev80KaSl5LH5OCbnZGHu6yLSb3tRGuwaxGVnUsM.js line 2 > eval:6771:11734
$P/<@https://pagead2.googlesyndication.com/bg/-ZrLev80KaSl5LH5OCbnZGHu6yLSb3tRGuwaxGVnUsM.js line 2 > eval:6771:17281
C1</<@https://pagead2.googlesyndication.com/bg/-ZrLev80KaSl5LH5OCbnZGHu6yLSb3tRGuwaxGVnUsM.js line 2 > eval:6771:48971

JavaScript warning: https://pagead2.googlesyndication.com/bg/-ZrLev80KaSl5LH5OCbnZGHu6yLSb3tRGuwaxGVnUsM.js line 2 > eval line 378 > eval line 1 > eval line 1 > eval, line 1: WEBGL_debug_renderer_info is deprecated in Firefox and will be removed. Please use RENDERER.
JavaScript warning: https://s0.2mdn.net/879366/express_html_inpage_rendering_lib_200_281.js, line 24: Script terminated by timeout at:
A@https://s0.2mdn.net/879366/express_html_inpage_rendering_lib_200_281.js:24:19
lg.prototype.C@https://s0.2mdn.net/879366/express_html_inpage_rendering_lib_200_281.js:80:671

Dynamically enable window occlusion 1
JavaScript error: , line 0: TypeError: NetworkError when attempting to fetch resource.
JavaScript error: , line 0: TypeError: NetworkError when attempting to fetch resource.
JavaScript error: , line 0: AbortError: The operation was aborted. 
1737563533000	geckodriver	INFO	Listening on 127.0.0.1:6568
1737563533119	mozrunner::runner	INFO	Running command: "C:\\Program Files\\Mozilla Firefox\\firefox.exe" "--marionette" "--headless" "--private" "--remote-debuggin ... localhost:8975/,http://[::1]:8975/" "-no-remote" "-profile" "C:\\Users\\g525585\\AppData\\Local\\Temp\\rust_mozprofileOq3pSZ"
*** You are running in headless mode.
console.warn: services.settings: Ignoring preference override of remote settings server
console.warn: services.settings: Allow by setting MOZ_REMOTE_SETTINGS_DEVTOOLS=1 in the environment
Dynamically enable window occlusion 0
1737563534264	Marionette	INFO	Marionette enabled
1737563534558	Marionette	INFO	Listening on port 54842
WebDriver BiDi listening on ws://127.0.0.1:8975
Read port: 54842
1737563534760	RemoteAgent	WARN	TLS certificate errors will be ignored for this session
[GFX1-]: RenderCompositorSWGL failed mapping default framebuffer, no dt
console.error: ({})
JavaScript warning: https://automationexercise.com/static/js/jquery.js, line 2: Using //@ to indicate sourceMappingURL pragmas is deprecated. Use //# instead
JavaScript warning: https://automationexercise.com/static/js/jquery.js, line 2: Using //@ to indicate sourceMappingURL pragmas is deprecated. Use //# instead
]]></system-err>
  </testcase>
  <testcase name="verifyAllProductsAndProductDetailPage" classname="com.automationexercise.tests.TestCase8" time="4.58">
    <system-err><![CDATA[1737563546243	Marionette	INFO	Stopped listening on port 54842
Dynamically enable window occlusion 1
1737563550310	geckodriver	INFO	Listening on 127.0.0.1:47782
1737563550442	mozrunner::runner	INFO	Running command: "C:\\Program Files\\Mozilla Firefox\\firefox.exe" "--marionette" "--headless" "--private" "--remote-debuggin ... calhost:46094/,http://[::1]:46094/" "-no-remote" "-profile" "C:\\Users\\g525585\\AppData\\Local\\Temp\\rust_mozprofile1UiXIr"
*** You are running in headless mode.
console.warn: services.settings: Ignoring preference override of remote settings server
console.warn: services.settings: Allow by setting MOZ_REMOTE_SETTINGS_DEVTOOLS=1 in the environment
Dynamically enable window occlusion 0
1737563551462	Marionette	INFO	Marionette enabled
1737563551712	Marionette	INFO	Listening on port 54961
WebDriver BiDi listening on ws://127.0.0.1:46094
Read port: 54961
1737563551942	RemoteAgent	WARN	TLS certificate errors will be ignored for this session
[GFX1-]: RenderCompositorSWGL failed mapping default framebuffer, no dt
console.error: ({})
JavaScript warning: https://automationexercise.com/static/js/jquery.js, line 2: Using //@ to indicate sourceMappingURL pragmas is deprecated. Use //# instead
JavaScript warning: https://pagead2.googlesyndication.com/bg/-ZrLev80KaSl5LH5OCbnZGHu6yLSb3tRGuwaxGVnUsM.js line 2 > eval line 891 > eval line 1 > eval line 1 > eval, line 1: WEBGL_debug_renderer_info is deprecated in Firefox and will be removed. Please use RENDERER.
JavaScript warning: https://automationexercise.com/static/js/jquery.js, line 2: Using //@ to indicate sourceMappingURL pragmas is deprecated. Use //# instead
JavaScript warning: https://pagead2.googlesyndication.com/pagead/managed/js/activeview/current/ufs_web_display.js, line 247: Script terminated by timeout at:
wo/<@https://pagead2.googlesyndication.com/pagead/managed/js/activeview/current/ufs_web_display.js:247:178
M/</<@https://pagead2.googlesyndication.com/pagead/managed/js/activeview/current/ufs_web_display.js:91:480
L/this.Fd@https://pagead2.googlesyndication.com/pagead/managed/js/activeview/current/ufs_web_display.js:90:888
n.next@https://pagead2.googlesyndication.com/pagead/managed/js/activeview/current/ufs_web_display.js:80:523
n.Fd@https://pagead2.googlesyndication.com/pagead/managed/js/activeview/current/ufs_web_display.js:80:756
n.next@https://pagead2.googlesyndication.com/pagead/managed/js/activeview/current/ufs_web_display.js:80:523
n.next@https://pagead2.googlesyndication.com/pagead/managed/js/activeview/current/ufs_web_display.js:83:903
cd.prototype.next@https://pagead2.googlesyndication.com/pagead/managed/js/activeview/current/ufs_web_display.js:89:1293
uc.prototype.next@https://pagead2.googlesyndication.com/pagead/managed/js/activeview/current/ufs_web_display.js:81:218
n.Fd@https://pagead2.googlesyndication.com/pagead/managed/js/activeview/current/ufs_web_display.js:80:756
n.next@https://pagead2.googlesyndication.com/pagead/managed/js/activeview/current/ufs_web_display.js:80:523
n.Fd@https://pagead2.googlesyndication.com/pagead/managed/js/activeview/current/ufs_web_display.js:80:756
n.next@https://pagead2.googlesyndication.com/pagead/managed/js/activeview/current/ufs_web_display.js:80:523
n.next@https://pagead2.googlesyndication.com/pagead/managed/js/activeview/current/ufs_web_display.js:83:903
cd.prototype.next@https://pagead2.googlesyndication.com/pagead/managed/js/activeview/current/ufs_web_display.js:89:1293
uc.prototype.next@https://pagead2.googlesyndication.com/pagead/managed/js/activeview/current/ufs_web_display.js:81:218
n.Fd@https://pagead2.googlesyndication.com/pagead/managed/js/activeview/current/ufs_web_display.js:80:756
n.next@https://pagead2.googlesyndication.com/pagead/managed/js/activeview/current/ufs_web_display.js:80:523
n.Fd@https://pagead2.googlesyndication.com/pagead/managed/js/activeview/current/ufs_web_display.js:80:756
n.next@https://pagead2.googlesyndication.com/pagead/managed/js/activeview/current/ufs_web_display.js:80:523
n.next@https://pagead2.googlesyndication.com/pagead/managed/js/activeview/current/ufs_web_display.js:83:903
cd.prototype.next@https://pagead2.googlesyndication.com/pagead/managed/js/activeview/current/ufs_web_display.js:89:1293
uc.prototype.next@https://pagead2.googlesyndication.com/pagead/managed/js/activeview/current/ufs_web_display.js:81:218
n.Fd@https://pagead2.googlesyndication.com/pagead/managed/js/activeview/current/ufs_web_display.js:80:756
n.next@https://pagead2.googlesyndication.com/pagead/managed/js/activeview/current/ufs_web_display.js:80:523
n.Fd@https://pagead2.googlesyndication.com/pagead/managed/js/activeview/current/ufs_web_display.js:80:756
n.next@https://pagead2.googlesyndication.com/pagead/managed/js/activeview/current/ufs_web_display.js:80:523
n.next@https://pagead2.googlesyndication.com/pagead/managed/js/activeview/current/ufs_web_display.js:83:903
cd.prototype.next@https://pagead2.googlesyndication.com/pagead/managed/js/activeview/current/ufs_web_display.js:89:1293
uc.prototype.next@https://pagead2.googlesyndication.com/pagead/managed/js/activeview/current/ufs_web_display.js:81:218
n.Fd@https://pagead2.googlesyndication.com/pagead/managed/js/activeview/current/ufs_web_display.js:80:756
n.next@https://pagead2.googlesyndication.com/pagead/managed/js/activeview/current/ufs_web_display.js:80:523
gf/</<@https://pagead2.googlesyndication.com/pagead/managed/js/activeview/current/ufs_web_display.js:102:778
L/this.Fd@https://pagead2.googlesyndication.com/pagead/managed/js/activeview/current/ufs_web_display.js:90:888
n.next@https://pagead2.googlesyndication.com/pagead/managed/js/activeview/current/ufs_web_display.js:80:523
M/</<@https://pagead2.googlesyndication.com/pagead/managed/js/activeview/current/ufs_web_display.js:91:473
L/this.Fd@https://pagead2.googlesyndication.com/pagead/managed/js/activeview/current/ufs_web_display.js:90:888
n.next@https://pagead2.googlesyndication.com/pagead/managed/js/activeview/current/ufs_web_display.js:80:523
n.Fd@https://pagead2.googlesyndication.com/pagead/managed/js/activeview/current/ufs_web_display.js:80:756
n.next@https://pagead2.googlesyndication.com/pagead/managed/js/activeview/current/ufs_web_display.js:80:523
go/</h/<@https://pagead2.googlesyndication.com/pagead/managed/js/activeview/current/ufs_web_display.js:239:1969
Xa@https://pagead2.googlesyndication.com/pagead/managed/js/activeview/current/ufs_web_display.js:49:339
Ua.prototype.flush@https://pagead2.googlesyndication.com/pagead/managed/js/activeview/current/ufs_web_display.js:49:147
Wa@https://pagead2.googlesyndication.com/pagead/managed/js/activeview/current/ufs_web_display.js:48:483
ih/c/</<@https://pagead2.googlesyndication.com/pagead/managed/js/activeview/current/ufs_web_display.js:131:292
uc.prototype.next@https://pagead2.googlesyndication.com/pagead/managed/js/activeview/current/ufs_web_display.js:81:218
n.Fd@https://pagead2.googlesyndication.com/pagead/managed/js/activeview/current/ufs_web_display.js:80:756
n.next@https://pagead2.googlesyndication.com/pagead/managed/js/activeview/current/ufs_web_display.js:80:523
qg/</</</<@https://pagead2.googlesyndication.com/pagead/managed/js/activeview/current/ufs_web_display.js:121:515
Sa.prototype.Ub/<@https://pagead2.googlesyndication.com/pagead/managed/js/activeview/current/ufs_web_display.js:48:315
qg/</</<@https://pagead2.googlesyndication.com/pagead/managed/js/activeview/current/ufs_web_display.js:121:524
uc.prototype.next@https://pagead2.googlesyndication.com/pagead/managed/js/activeview/current/ufs_web_display.js:81:218
n.Fd@https://pagead2.googlesyndication.com/pagead/managed/js/activeview/current/ufs_web_display.js:80:756
n.next@https://pagead2.googlesyndication.com/pagead/managed/js/activeview/current/ufs_web_display.js:80:523
qg/</</</<@https://pagead2.googlesyndication.com/pagead/managed/js/activeview/current/ufs_web_display.js:121:515
Sa.prototype.Ub/<@https://pagead2.googlesyndication.com/pagead/managed/js/activeview/current/ufs_web_display.js:48:315
qg/</</<@https://pagead2.googlesyndication.com/pagead/managed/js/activeview/current/ufs_web_display.js:121:524
uc.prototype.next@https://pagead2.googlesyndication.com/pagead/managed/js/activeview/current/ufs_web_display.js:81:218
n.Fd@https://pagead2.googlesyndication.com/pagead/managed/js/activeview/current/ufs_web_display.js:80:756
n.next@https://pagead2.googlesyndication.com/pagead/managed/js/activeview/current/ufs_web_display.js:80:523
h@https://pagead2.googlesyndication.com/pagead/managed/js/activeview/current/ufs_web_display.js:93:477

JavaScript warning: https://automationexercise.com/static/js/jquery.js, line 2: Using //@ to indicate sourceMappingURL pragmas is deprecated. Use //# instead
]]></system-err>
  </testcase>
  <testcase name="searchProduct" classname="com.automationexercise.tests.TestCase9" time="5.162">
    <system-out><![CDATA[0. Blue Top - contain: blue
1. Sleeves Top and Short - Blue & Pink - contain: blue
2. Blue Cotton Indie Mickey Dress - contain: blue
3. Colour Blocked Shirt – Sky Blue - contain: blue
4. Grunt Blue Slim Fit Jeans - contain: blue
5. Beautiful Peacock Blue Cotton Linen Saree - contain: blue
6. GRAPHIC DESIGN MEN T SHIRT - BLUE - contain: blue
]]></system-out>
    <system-err><![CDATA[1737563570892	Marionette	INFO	Stopped listening on port 54961
Dynamically enable window occlusion 1
1737563573284	geckodriver	INFO	Listening on 127.0.0.1:6326
1737563573406	mozrunner::runner	INFO	Running command: "C:\\Program Files\\Mozilla Firefox\\firefox.exe" "--marionette" "--headless" "--private" "--remote-debuggin ... calhost:39735/,http://[::1]:39735/" "-no-remote" "-profile" "C:\\Users\\g525585\\AppData\\Local\\Temp\\rust_mozprofilewbVK36"
*** You are running in headless mode.
console.warn: services.settings: Ignoring preference override of remote settings server
console.warn: services.settings: Allow by setting MOZ_REMOTE_SETTINGS_DEVTOOLS=1 in the environment
Dynamically enable window occlusion 0
1737563574677	Marionette	INFO	Marionette enabled
1737563574898	Marionette	INFO	Listening on port 55113
WebDriver BiDi listening on ws://127.0.0.1:39735
Read port: 55113
1737563575115	RemoteAgent	WARN	TLS certificate errors will be ignored for this session
[GFX1-]: RenderCompositorSWGL failed mapping default framebuffer, no dt
console.error: ({})
JavaScript warning: https://automationexercise.com/static/js/jquery.js, line 2: Using //@ to indicate sourceMappingURL pragmas is deprecated. Use //# instead
JavaScript warning: https://automationexercise.com/static/js/jquery.js, line 2: Using //@ to indicate sourceMappingURL pragmas is deprecated. Use //# instead
JavaScript warning: https://automationexercise.com/static/js/jquery.js, line 2: Using //@ to indicate sourceMappingURL pragmas is deprecated. Use //# instead
]]></system-err>
  </testcase>
  <testcase name="verifySubscriptionInHomePage" classname="com.automationexercise.tests.TestCase10" time="0.53">
    <system-err><![CDATA[1737563594385	Marionette	INFO	Stopped listening on port 55113
Dynamically enable window occlusion 1
1737563596572	geckodriver	INFO	Listening on 127.0.0.1:31239
1737563596703	mozrunner::runner	INFO	Running command: "C:\\Program Files\\Mozilla Firefox\\firefox.exe" "--marionette" "--headless" "--private" "--remote-debuggin ... localhost:6261/,http://[::1]:6261/" "-no-remote" "-profile" "C:\\Users\\g525585\\AppData\\Local\\Temp\\rust_mozprofile8BAPiw"
*** You are running in headless mode.
console.warn: services.settings: Ignoring preference override of remote settings server
console.warn: services.settings: Allow by setting MOZ_REMOTE_SETTINGS_DEVTOOLS=1 in the environment
Dynamically enable window occlusion 0
1737563597686	Marionette	INFO	Marionette enabled
1737563597974	Marionette	INFO	Listening on port 55276
WebDriver BiDi listening on ws://127.0.0.1:6261
Read port: 55276
1737563598221	RemoteAgent	WARN	TLS certificate errors will be ignored for this session
[GFX1-]: RenderCompositorSWGL failed mapping default framebuffer, no dt
console.error: ({})
JavaScript warning: https://automationexercise.com/static/js/jquery.js, line 2: Using //@ to indicate sourceMappingURL pragmas is deprecated. Use //# instead
]]></system-err>
  </testcase>
  <testcase name="verifySubscriptionInCartPage" classname="com.automationexercise.tests.TestCase11" time="1.851">
    <system-err><![CDATA[1737563612764	Marionette	INFO	Stopped listening on port 55276
Dynamically enable window occlusion 1
1737563616631	geckodriver	INFO	Listening on 127.0.0.1:37063
1737563616768	mozrunner::runner	INFO	Running command: "C:\\Program Files\\Mozilla Firefox\\firefox.exe" "--marionette" "--headless" "--private" "--remote-debuggin ... calhost:43897/,http://[::1]:43897/" "-no-remote" "-profile" "C:\\Users\\g525585\\AppData\\Local\\Temp\\rust_mozprofile7n5l3B"
*** You are running in headless mode.
console.warn: services.settings: Ignoring preference override of remote settings server
console.warn: services.settings: Allow by setting MOZ_REMOTE_SETTINGS_DEVTOOLS=1 in the environment
Dynamically enable window occlusion 0
1737563618058	Marionette	INFO	Marionette enabled
1737563618351	Marionette	INFO	Listening on port 55494
WebDriver BiDi listening on ws://127.0.0.1:43897
Read port: 55494
1737563618668	RemoteAgent	WARN	TLS certificate errors will be ignored for this session
[GFX1-]: RenderCompositorSWGL failed mapping default framebuffer, no dt
console.error: ({})
JavaScript warning: https://automationexercise.com/static/js/jquery.js, line 2: Using //@ to indicate sourceMappingURL pragmas is deprecated. Use //# instead
JavaScript warning: https://automationexercise.com/static/js/jquery.js, line 2: Using //@ to indicate sourceMappingURL pragmas is deprecated. Use //# instead
]]></system-err>
  </testcase>
  <testcase name="addProductsInCart" classname="com.automationexercise.tests.TestCase12" time="7.637">
    <system-out><![CDATA[0. Prices = Total Prices | Rs. 500 = Rs. 500
0. Quantity = 1 | true
1. Prices = Total Prices | Rs. 400 = Rs. 400
1. Quantity = 1 | true
]]></system-out>
    <system-err><![CDATA[1737563631940	Marionette	INFO	Stopped listening on port 55494
Dynamically enable window occlusion 1
1737563633995	geckodriver	INFO	Listening on 127.0.0.1:16678
1737563634104	mozrunner::runner	INFO	Running command: "C:\\Program Files\\Mozilla Firefox\\firefox.exe" "--marionette" "--headless" "--private" "--remote-debuggin ... localhost:3561/,http://[::1]:3561/" "-no-remote" "-profile" "C:\\Users\\g525585\\AppData\\Local\\Temp\\rust_mozprofiletn4tYS"
*** You are running in headless mode.
console.warn: services.settings: Ignoring preference override of remote settings server
console.warn: services.settings: Allow by setting MOZ_REMOTE_SETTINGS_DEVTOOLS=1 in the environment
Dynamically enable window occlusion 0
1737563634809	Marionette	INFO	Marionette enabled
1737563635034	Marionette	INFO	Listening on port 55616
WebDriver BiDi listening on ws://127.0.0.1:3561
Read port: 55616
1737563635282	RemoteAgent	WARN	TLS certificate errors will be ignored for this session
[GFX1-]: RenderCompositorSWGL failed mapping default framebuffer, no dt
console.error: ({})
JavaScript warning: https://automationexercise.com/static/js/jquery.js, line 2: Using //@ to indicate sourceMappingURL pragmas is deprecated. Use //# instead
JavaScript warning: https://automationexercise.com/static/js/jquery.js, line 2: Using //@ to indicate sourceMappingURL pragmas is deprecated. Use //# instead
JavaScript warning: https://pagead2.googlesyndication.com/bg/-ZrLev80KaSl5LH5OCbnZGHu6yLSb3tRGuwaxGVnUsM.js line 2 > eval line 1915 > eval line 1 > eval line 1 > eval, line 1: WEBGL_debug_renderer_info is deprecated in Firefox and will be removed. Please use RENDERER.
JavaScript warning: https://automationexercise.com/static/js/jquery.js, line 2: Using //@ to indicate sourceMappingURL pragmas is deprecated. Use //# instead
]]></system-err>
  </testcase>
  <testcase name="verifyProductQuantityInCart" classname="com.automationexercise.tests.TestCase13" time="4.678">
    <system-err><![CDATA[1737563653304	Marionette	INFO	Stopped listening on port 55616
Dynamically enable window occlusion 1
1737563655911	geckodriver	INFO	Listening on 127.0.0.1:8144
1737563656036	mozrunner::runner	INFO	Running command: "C:\\Program Files\\Mozilla Firefox\\firefox.exe" "--marionette" "--headless" "--private" "--remote-debuggin ... calhost:18329/,http://[::1]:18329/" "-no-remote" "-profile" "C:\\Users\\g525585\\AppData\\Local\\Temp\\rust_mozprofile8hCAQM"
*** You are running in headless mode.
console.warn: services.settings: Ignoring preference override of remote settings server
console.warn: services.settings: Allow by setting MOZ_REMOTE_SETTINGS_DEVTOOLS=1 in the environment
Dynamically enable window occlusion 0
1737563656878	Marionette	INFO	Marionette enabled
1737563657121	Marionette	INFO	Listening on port 55727
WebDriver BiDi listening on ws://127.0.0.1:18329
Read port: 55727
1737563657366	RemoteAgent	WARN	TLS certificate errors will be ignored for this session
[GFX1-]: RenderCompositorSWGL failed mapping default framebuffer, no dt
console.error: ({})
JavaScript warning: https://automationexercise.com/static/js/jquery.js, line 2: Using //@ to indicate sourceMappingURL pragmas is deprecated. Use //# instead
JavaScript warning: https://automationexercise.com/static/js/jquery.js, line 2: Using //@ to indicate sourceMappingURL pragmas is deprecated. Use //# instead
JavaScript warning: https://pagead2.googlesyndication.com/bg/-ZrLev80KaSl5LH5OCbnZGHu6yLSb3tRGuwaxGVnUsM.js line 2 > eval line 4941 > eval line 1 > eval line 1 > eval, line 1: WEBGL_debug_renderer_info is deprecated in Firefox and will be removed. Please use RENDERER.
JavaScript warning: https://automationexercise.com/static/js/jquery.js, line 2: Using //@ to indicate sourceMappingURL pragmas is deprecated. Use //# instead
]]></system-err>
  </testcase>
  <testcase name="placeOrderRegisterWhileCheckout" classname="com.automationexercise.tests.TestCase14" time="7.67">
    <failure message="Element &lt;select id=&quot;days&quot; class=&quot;form-control&quot; name=&quot;days&quot;&gt; is not clickable at point (251,637) because another element &lt;iframe id=&quot;aswift_4&quot; name=&quot;aswift_4&quot; src=&quot;https://googleads.g.doubleclick.net/pagead/html/r20250116/r20190131/zrt_lookup_fy2021.html#RS-0-&amp;adk=1812271801&amp;client=ca-pub-1677597403311019&amp;fa=1&amp;ifi=5&amp;uci=a!5&amp;btvi=4&quot;&gt; obscures it&#10;Build info: version: &apos;4.9.0&apos;, revision: &apos;d7057100a6&apos;&#10;System info: os.name: &apos;Windows 11&apos;, os.arch: &apos;amd64&apos;, os.version: &apos;10.0&apos;, java.version: &apos;17.0.9&apos;&#10;Driver info: org.openqa.selenium.firefox.FirefoxDriver&#10;Command: [eaa7143a-a81d-4e6a-b45a-2368bb1df9bc, clickElement {id=5cadb3e1-b2bc-43b6-bf5f-7919688ec8b7}]&#10;Capabilities {acceptInsecureCerts: true, browserName: firefox, browserVersion: 133.0.3, moz:accessibilityChecks: false, moz:buildID: 20241209150345, moz:geckodriverVersion: 0.35.0, moz:headless: true, moz:platformVersion: 10.0, moz:processID: 6912, moz:profile: C:\Users\g525585\AppData\Lo..., moz:shutdownTimeout: 60000, moz:webdriverClick: true, moz:windowless: false, pageLoadStrategy: normal, platformName: WINDOWS, proxy: Proxy(), setWindowRect: true, strictFileInteractability: false, timeouts: {implicit: 0, pageLoad: 300000, script: 30000}, unhandledPromptBehavior: dismiss and notify, userAgent: Mozilla/5.0 (Windows NT 10....}&#10;Element: [[[[FirefoxDriver: firefox on WINDOWS (eaa7143a-a81d-4e6a-b45a-2368bb1df9bc)] -&gt; id: days]] -&gt; xpath: .//option[@value = &quot;1&quot;]]&#10;Session ID: eaa7143a-a81d-4e6a-b45a-2368bb1df9bc" type="org.openqa.selenium.ElementClickInterceptedException"><![CDATA[org.openqa.selenium.ElementClickInterceptedException: 
Element <select id="days" class="form-control" name="days"> is not clickable at point (251,637) because another element <iframe id="aswift_4" name="aswift_4" src="https://googleads.g.doubleclick.net/pagead/html/r20250116/r20190131/zrt_lookup_fy2021.html#RS-0-&adk=1812271801&client=ca-pub-1677597403311019&fa=1&ifi=5&uci=a!5&btvi=4"> obscures it
Build info: version: '4.9.0', revision: 'd7057100a6'
System info: os.name: 'Windows 11', os.arch: 'amd64', os.version: '10.0', java.version: '17.0.9'
Driver info: org.openqa.selenium.firefox.FirefoxDriver
Command: [eaa7143a-a81d-4e6a-b45a-2368bb1df9bc, clickElement {id=5cadb3e1-b2bc-43b6-bf5f-7919688ec8b7}]
Capabilities {acceptInsecureCerts: true, browserName: firefox, browserVersion: 133.0.3, moz:accessibilityChecks: false, moz:buildID: 20241209150345, moz:geckodriverVersion: 0.35.0, moz:headless: true, moz:platformVersion: 10.0, moz:processID: 6912, moz:profile: C:\Users\g525585\AppData\Lo..., moz:shutdownTimeout: 60000, moz:webdriverClick: true, moz:windowless: false, pageLoadStrategy: normal, platformName: WINDOWS, proxy: Proxy(), setWindowRect: true, strictFileInteractability: false, timeouts: {implicit: 0, pageLoad: 300000, script: 30000}, unhandledPromptBehavior: dismiss and notify, userAgent: Mozilla/5.0 (Windows NT 10....}
Element: [[[[FirefoxDriver: firefox on WINDOWS (eaa7143a-a81d-4e6a-b45a-2368bb1df9bc)] -> id: days]] -> xpath: .//option[@value = "1"]]
Session ID: eaa7143a-a81d-4e6a-b45a-2368bb1df9bc
	at java.base/jdk.internal.reflect.NativeConstructorAccessorImpl.newInstance0(Native Method)
	at java.base/jdk.internal.reflect.NativeConstructorAccessorImpl.newInstance(NativeConstructorAccessorImpl.java:77)
	at java.base/jdk.internal.reflect.DelegatingConstructorAccessorImpl.newInstance(DelegatingConstructorAccessorImpl.java:45)
	at java.base/java.lang.reflect.Constructor.newInstanceWithCaller(Constructor.java:499)
	at java.base/java.lang.reflect.Constructor.newInstance(Constructor.java:480)
	at org.openqa.selenium.remote.codec.w3c.W3CHttpResponseCodec.createException(W3CHttpResponseCodec.java:200)
	at org.openqa.selenium.remote.codec.w3c.W3CHttpResponseCodec.decode(W3CHttpResponseCodec.java:133)
	at org.openqa.selenium.remote.codec.w3c.W3CHttpResponseCodec.decode(W3CHttpResponseCodec.java:53)
	at org.openqa.selenium.remote.HttpCommandExecutor.execute(HttpCommandExecutor.java:193)
	at org.openqa.selenium.remote.service.DriverCommandExecutor.invokeExecute(DriverCommandExecutor.java:183)
	at org.openqa.selenium.remote.service.DriverCommandExecutor.execute(DriverCommandExecutor.java:158)
	at org.openqa.selenium.remote.RemoteWebDriver.execute(RemoteWebDriver.java:543)
	at org.openqa.selenium.remote.RemoteWebElement.execute(RemoteWebElement.java:257)
	at org.openqa.selenium.remote.RemoteWebElement.click(RemoteWebElement.java:78)
	at org.openqa.selenium.support.ui.Select.setSelected(Select.java:320)
	at org.openqa.selenium.support.ui.Select.selectByValue(Select.java:195)
	at com.automationexercise.pages.EnterAccountInformationPage.fillAccountDetails(EnterAccountInformationPage.java:90)
	at com.automationexercise.tests.TestCase14.verifyAccountCreatedAndClickContinueButton(TestCase14.java:69)
	at com.automationexercise.tests.TestCase14.placeOrderRegisterWhileCheckout(TestCase14.java:48)
	at java.base/jdk.internal.reflect.NativeMethodAccessorImpl.invoke0(Native Method)
	at java.base/jdk.internal.reflect.NativeMethodAccessorImpl.invoke(NativeMethodAccessorImpl.java:77)
	at java.base/jdk.internal.reflect.DelegatingMethodAccessorImpl.invoke(DelegatingMethodAccessorImpl.java:43)
	at java.base/java.lang.reflect.Method.invoke(Method.java:568)
	at org.testng.internal.invokers.MethodInvocationHelper.invokeMethod(MethodInvocationHelper.java:139)
	at org.testng.internal.invokers.TestInvoker.invokeMethod(TestInvoker.java:677)
	at org.testng.internal.invokers.TestInvoker.invokeTestMethod(TestInvoker.java:221)
	at org.testng.internal.invokers.MethodRunner.runInSequence(MethodRunner.java:50)
	at org.testng.internal.invokers.TestInvoker$MethodInvocationAgent.invoke(TestInvoker.java:969)
	at org.testng.internal.invokers.TestInvoker.invokeTestMethods(TestInvoker.java:194)
	at org.testng.internal.invokers.TestMethodWorker.invokeTestMethods(TestMethodWorker.java:148)
	at org.testng.internal.invokers.TestMethodWorker.run(TestMethodWorker.java:128)
	at java.base/java.util.concurrent.ThreadPoolExecutor.runWorker(ThreadPoolExecutor.java:1136)
	at java.base/java.util.concurrent.ThreadPoolExecutor$Worker.run(ThreadPoolExecutor.java:635)
	at java.base/java.lang.Thread.run(Thread.java:842)
]]></failure>
    <system-err><![CDATA[1737563670260	Marionette	INFO	Stopped listening on port 55727
Dynamically enable window occlusion 1
1737563672393	geckodriver	INFO	Listening on 127.0.0.1:36694
1737563672507	mozrunner::runner	INFO	Running command: "C:\\Program Files\\Mozilla Firefox\\firefox.exe" "--marionette" "--headless" "--private" "--remote-debuggin ... calhost:41259/,http://[::1]:41259/" "-no-remote" "-profile" "C:\\Users\\g525585\\AppData\\Local\\Temp\\rust_mozprofileJoWnZ9"
*** You are running in headless mode.
console.warn: services.settings: Ignoring preference override of remote settings server
console.warn: services.settings: Allow by setting MOZ_REMOTE_SETTINGS_DEVTOOLS=1 in the environment
Dynamically enable window occlusion 0
1737563673300	Marionette	INFO	Marionette enabled
1737563673522	Marionette	INFO	Listening on port 55840
WebDriver BiDi listening on ws://127.0.0.1:41259
Read port: 55840
1737563673743	RemoteAgent	WARN	TLS certificate errors will be ignored for this session
[GFX1-]: RenderCompositorSWGL failed mapping default framebuffer, no dt
console.error: ({})
JavaScript warning: https://automationexercise.com/static/js/jquery.js, line 2: Using //@ to indicate sourceMappingURL pragmas is deprecated. Use //# instead
JavaScript warning: https://pagead2.googlesyndication.com/bg/-ZrLev80KaSl5LH5OCbnZGHu6yLSb3tRGuwaxGVnUsM.js line 2 > eval line 5457 > eval line 1 > eval line 1 > eval, line 1: WEBGL_debug_renderer_info is deprecated in Firefox and will be removed. Please use RENDERER.
JavaScript warning: https://automationexercise.com/static/js/jquery.js, line 2: Using //@ to indicate sourceMappingURL pragmas is deprecated. Use //# instead
JavaScript warning: https://automationexercise.com/static/js/jquery.js, line 2: Using //@ to indicate sourceMappingURL pragmas is deprecated. Use //# instead
console.warn: LoginRecipes: "Falling back to a synchronous message for: https://automationexercise.com."
console.warn: LoginRecipes: "Falling back to a synchronous message for: https://automationexercise.com."
console.warn: LoginRecipes: "Falling back to a synchronous message for: https://automationexercise.com."
console.warn: LoginRecipes: "Falling back to a synchronous message for: https://automationexercise.com."
JavaScript warning: https://automationexercise.com/static/js/jquery.js, line 2: Using //@ to indicate sourceMappingURL pragmas is deprecated. Use //# instead
console.error: ({})
JavaScript error: resource://gre/actors/FormHandlerChild.sys.mjs, line 103: InvalidStateError: JSWindowActorChild.document getter: Cannot access property 'document' after actor 'FormHandler' has been destroyed
]]></system-err>
  </testcase>
  <testcase name="placeOrderRegisterBeforeCheckout" classname="com.automationexercise.tests.TestCase15" time="4.249">
    <failure message="Element &lt;select id=&quot;days&quot; class=&quot;form-control&quot; name=&quot;days&quot;&gt; is not clickable at point (251,637) because another element &lt;iframe id=&quot;aswift_4&quot; name=&quot;aswift_4&quot; src=&quot;https://googleads.g.doubleclick.net/pagead/html/r20250116/r20190131/zrt_lookup_fy2021.html#RS-0-&amp;adk=1812271801&amp;client=ca-pub-1677597403311019&amp;fa=1&amp;ifi=5&amp;uci=a!5&amp;btvi=4&quot;&gt; obscures it&#10;Build info: version: &apos;4.9.0&apos;, revision: &apos;d7057100a6&apos;&#10;System info: os.name: &apos;Windows 11&apos;, os.arch: &apos;amd64&apos;, os.version: &apos;10.0&apos;, java.version: &apos;17.0.9&apos;&#10;Driver info: org.openqa.selenium.firefox.FirefoxDriver&#10;Command: [941e39a9-044e-4430-9735-78fc9acca05e, clickElement {id=7c4cd3b8-e3ed-42a2-8617-7ad0baf6a4dd}]&#10;Capabilities {acceptInsecureCerts: true, browserName: firefox, browserVersion: 133.0.3, moz:accessibilityChecks: false, moz:buildID: 20241209150345, moz:geckodriverVersion: 0.35.0, moz:headless: true, moz:platformVersion: 10.0, moz:processID: 26620, moz:profile: C:\Users\g525585\AppData\Lo..., moz:shutdownTimeout: 60000, moz:webdriverClick: true, moz:windowless: false, pageLoadStrategy: normal, platformName: WINDOWS, proxy: Proxy(), setWindowRect: true, strictFileInteractability: false, timeouts: {implicit: 0, pageLoad: 300000, script: 30000}, unhandledPromptBehavior: dismiss and notify, userAgent: Mozilla/5.0 (Windows NT 10....}&#10;Element: [[[[FirefoxDriver: firefox on WINDOWS (941e39a9-044e-4430-9735-78fc9acca05e)] -&gt; id: days]] -&gt; xpath: .//option[@value = &quot;1&quot;]]&#10;Session ID: 941e39a9-044e-4430-9735-78fc9acca05e" type="org.openqa.selenium.ElementClickInterceptedException"><![CDATA[org.openqa.selenium.ElementClickInterceptedException: 
Element <select id="days" class="form-control" name="days"> is not clickable at point (251,637) because another element <iframe id="aswift_4" name="aswift_4" src="https://googleads.g.doubleclick.net/pagead/html/r20250116/r20190131/zrt_lookup_fy2021.html#RS-0-&adk=1812271801&client=ca-pub-1677597403311019&fa=1&ifi=5&uci=a!5&btvi=4"> obscures it
Build info: version: '4.9.0', revision: 'd7057100a6'
System info: os.name: 'Windows 11', os.arch: 'amd64', os.version: '10.0', java.version: '17.0.9'
Driver info: org.openqa.selenium.firefox.FirefoxDriver
Command: [941e39a9-044e-4430-9735-78fc9acca05e, clickElement {id=7c4cd3b8-e3ed-42a2-8617-7ad0baf6a4dd}]
Capabilities {acceptInsecureCerts: true, browserName: firefox, browserVersion: 133.0.3, moz:accessibilityChecks: false, moz:buildID: 20241209150345, moz:geckodriverVersion: 0.35.0, moz:headless: true, moz:platformVersion: 10.0, moz:processID: 26620, moz:profile: C:\Users\g525585\AppData\Lo..., moz:shutdownTimeout: 60000, moz:webdriverClick: true, moz:windowless: false, pageLoadStrategy: normal, platformName: WINDOWS, proxy: Proxy(), setWindowRect: true, strictFileInteractability: false, timeouts: {implicit: 0, pageLoad: 300000, script: 30000}, unhandledPromptBehavior: dismiss and notify, userAgent: Mozilla/5.0 (Windows NT 10....}
Element: [[[[FirefoxDriver: firefox on WINDOWS (941e39a9-044e-4430-9735-78fc9acca05e)] -> id: days]] -> xpath: .//option[@value = "1"]]
Session ID: 941e39a9-044e-4430-9735-78fc9acca05e
	at java.base/jdk.internal.reflect.NativeConstructorAccessorImpl.newInstance0(Native Method)
	at java.base/jdk.internal.reflect.NativeConstructorAccessorImpl.newInstance(NativeConstructorAccessorImpl.java:77)
	at java.base/jdk.internal.reflect.DelegatingConstructorAccessorImpl.newInstance(DelegatingConstructorAccessorImpl.java:45)
	at java.base/java.lang.reflect.Constructor.newInstanceWithCaller(Constructor.java:499)
	at java.base/java.lang.reflect.Constructor.newInstance(Constructor.java:480)
	at org.openqa.selenium.remote.codec.w3c.W3CHttpResponseCodec.createException(W3CHttpResponseCodec.java:200)
	at org.openqa.selenium.remote.codec.w3c.W3CHttpResponseCodec.decode(W3CHttpResponseCodec.java:133)
	at org.openqa.selenium.remote.codec.w3c.W3CHttpResponseCodec.decode(W3CHttpResponseCodec.java:53)
	at org.openqa.selenium.remote.HttpCommandExecutor.execute(HttpCommandExecutor.java:193)
	at org.openqa.selenium.remote.service.DriverCommandExecutor.invokeExecute(DriverCommandExecutor.java:183)
	at org.openqa.selenium.remote.service.DriverCommandExecutor.execute(DriverCommandExecutor.java:158)
	at org.openqa.selenium.remote.RemoteWebDriver.execute(RemoteWebDriver.java:543)
	at org.openqa.selenium.remote.RemoteWebElement.execute(RemoteWebElement.java:257)
	at org.openqa.selenium.remote.RemoteWebElement.click(RemoteWebElement.java:78)
	at org.openqa.selenium.support.ui.Select.setSelected(Select.java:320)
	at org.openqa.selenium.support.ui.Select.selectByValue(Select.java:195)
	at com.automationexercise.pages.EnterAccountInformationPage.fillAccountDetails(EnterAccountInformationPage.java:90)
	at com.automationexercise.tests.TestCase14.verifyAccountCreatedAndClickContinueButton(TestCase14.java:69)
	at com.automationexercise.tests.TestCase15.placeOrderRegisterBeforeCheckout(TestCase15.java:42)
	at java.base/jdk.internal.reflect.NativeMethodAccessorImpl.invoke0(Native Method)
	at java.base/jdk.internal.reflect.NativeMethodAccessorImpl.invoke(NativeMethodAccessorImpl.java:77)
	at java.base/jdk.internal.reflect.DelegatingMethodAccessorImpl.invoke(DelegatingMethodAccessorImpl.java:43)
	at java.base/java.lang.reflect.Method.invoke(Method.java:568)
	at org.testng.internal.invokers.MethodInvocationHelper.invokeMethod(MethodInvocationHelper.java:139)
	at org.testng.internal.invokers.TestInvoker.invokeMethod(TestInvoker.java:677)
	at org.testng.internal.invokers.TestInvoker.invokeTestMethod(TestInvoker.java:221)
	at org.testng.internal.invokers.MethodRunner.runInSequence(MethodRunner.java:50)
	at org.testng.internal.invokers.TestInvoker$MethodInvocationAgent.invoke(TestInvoker.java:969)
	at org.testng.internal.invokers.TestInvoker.invokeTestMethods(TestInvoker.java:194)
	at org.testng.internal.invokers.TestMethodWorker.invokeTestMethods(TestMethodWorker.java:148)
	at org.testng.internal.invokers.TestMethodWorker.run(TestMethodWorker.java:128)
	at java.base/java.util.concurrent.ThreadPoolExecutor.runWorker(ThreadPoolExecutor.java:1136)
	at java.base/java.util.concurrent.ThreadPoolExecutor$Worker.run(ThreadPoolExecutor.java:635)
	at java.base/java.lang.Thread.run(Thread.java:842)
]]></failure>
    <system-err><![CDATA[1737563694323	Marionette	INFO	Stopped listening on port 55840
JavaScript warning: https://pagead2.googlesyndication.com/bg/-ZrLev80KaSl5LH5OCbnZGHu6yLSb3tRGuwaxGVnUsM.js line 2 > eval line 4183 > eval line 1 > eval line 1 > eval, line 1: WEBGL_debug_renderer_info is deprecated in Firefox and will be removed. Please use RENDERER.
Dynamically enable window occlusion 1
JavaScript error: , line 0: TypeError: NetworkError when attempting to fetch resource.
JavaScript error: , line 0: AbortError: The operation was aborted. 
1737563696625	geckodriver	INFO	Listening on 127.0.0.1:13594
1737563696755	mozrunner::runner	INFO	Running command: "C:\\Program Files\\Mozilla Firefox\\firefox.exe" "--marionette" "--headless" "--private" "--remote-debuggin ... calhost:22085/,http://[::1]:22085/" "-no-remote" "-profile" "C:\\Users\\g525585\\AppData\\Local\\Temp\\rust_mozprofileVVmVji"
*** You are running in headless mode.
console.warn: services.settings: Ignoring preference override of remote settings server
console.warn: services.settings: Allow by setting MOZ_REMOTE_SETTINGS_DEVTOOLS=1 in the environment
Dynamically enable window occlusion 0
1737563697720	Marionette	INFO	Marionette enabled
1737563697977	Marionette	INFO	Listening on port 55931
Read port: 55931
WebDriver BiDi listening on ws://127.0.0.1:22085
1737563698074	RemoteAgent	WARN	TLS certificate errors will be ignored for this session
[GFX1-]: RenderCompositorSWGL failed mapping default framebuffer, no dt
console.error: ({})
JavaScript warning: https://automationexercise.com/static/js/jquery.js, line 2: Using //@ to indicate sourceMappingURL pragmas is deprecated. Use //# instead
JavaScript warning: https://automationexercise.com/static/js/jquery.js, line 2: Using //@ to indicate sourceMappingURL pragmas is deprecated. Use //# instead
console.warn: LoginRecipes: "Falling back to a synchronous message for: https://automationexercise.com."
console.warn: LoginRecipes: "Falling back to a synchronous message for: https://automationexercise.com."
console.warn: LoginRecipes: "Falling back to a synchronous message for: https://automationexercise.com."
console.warn: LoginRecipes: "Falling back to a synchronous message for: https://automationexercise.com."
JavaScript warning: https://automationexercise.com/static/js/jquery.js, line 2: Using //@ to indicate sourceMappingURL pragmas is deprecated. Use //# instead
console.error: ({})
JavaScript error: resource://gre/actors/FormHandlerChild.sys.mjs, line 103: InvalidStateError: JSWindowActorChild.document getter: Cannot access property 'document' after actor 'FormHandler' has been destroyed
]]></system-err>
  </testcase>
  <testcase name="placeOrderLoginBeforeCheckout" classname="com.automationexercise.tests.TestCase16" time="3.326">
    <failure message="Unable to locate element: //*[@id=&apos;header&apos;]/div/div/div/div[2]/div/ul/li[10]/a/b&#10;For documentation on this error, please visit: https://selenium.dev/exceptions/#no_such_element&#10;Build info: version: &apos;4.9.0&apos;, revision: &apos;d7057100a6&apos;&#10;System info: os.name: &apos;Windows 11&apos;, os.arch: &apos;amd64&apos;, os.version: &apos;10.0&apos;, java.version: &apos;17.0.9&apos;&#10;Driver info: org.openqa.selenium.firefox.FirefoxDriver&#10;Command: [212b257e-1457-4ba1-ba1c-19256a8dad45, findElement {using=xpath, value=//*[@id=&apos;header&apos;]/div/div/div/div[2]/div/ul/li[10]/a/b}]&#10;Capabilities {acceptInsecureCerts: true, browserName: firefox, browserVersion: 133.0.3, moz:accessibilityChecks: false, moz:buildID: 20241209150345, moz:geckodriverVersion: 0.35.0, moz:headless: true, moz:platformVersion: 10.0, moz:processID: 18812, moz:profile: C:\Users\g525585\AppData\Lo..., moz:shutdownTimeout: 60000, moz:webdriverClick: true, moz:windowless: false, pageLoadStrategy: normal, platformName: WINDOWS, proxy: Proxy(), setWindowRect: true, strictFileInteractability: false, timeouts: {implicit: 0, pageLoad: 300000, script: 30000}, unhandledPromptBehavior: dismiss and notify, userAgent: Mozilla/5.0 (Windows NT 10....}&#10;Session ID: 212b257e-1457-4ba1-ba1c-19256a8dad45" type="org.openqa.selenium.NoSuchElementException"><![CDATA[org.openqa.selenium.NoSuchElementException: 
Unable to locate element: //*[@id='header']/div/div/div/div[2]/div/ul/li[10]/a/b
For documentation on this error, please visit: https://selenium.dev/exceptions/#no_such_element
Build info: version: '4.9.0', revision: 'd7057100a6'
System info: os.name: 'Windows 11', os.arch: 'amd64', os.version: '10.0', java.version: '17.0.9'
Driver info: org.openqa.selenium.firefox.FirefoxDriver
Command: [212b257e-1457-4ba1-ba1c-19256a8dad45, findElement {using=xpath, value=//*[@id='header']/div/div/div/div[2]/div/ul/li[10]/a/b}]
Capabilities {acceptInsecureCerts: true, browserName: firefox, browserVersion: 133.0.3, moz:accessibilityChecks: false, moz:buildID: 20241209150345, moz:geckodriverVersion: 0.35.0, moz:headless: true, moz:platformVersion: 10.0, moz:processID: 18812, moz:profile: C:\Users\g525585\AppData\Lo..., moz:shutdownTimeout: 60000, moz:webdriverClick: true, moz:windowless: false, pageLoadStrategy: normal, platformName: WINDOWS, proxy: Proxy(), setWindowRect: true, strictFileInteractability: false, timeouts: {implicit: 0, pageLoad: 300000, script: 30000}, unhandledPromptBehavior: dismiss and notify, userAgent: Mozilla/5.0 (Windows NT 10....}
Session ID: 212b257e-1457-4ba1-ba1c-19256a8dad45
	at java.base/jdk.internal.reflect.NativeConstructorAccessorImpl.newInstance0(Native Method)
	at java.base/jdk.internal.reflect.NativeConstructorAccessorImpl.newInstance(NativeConstructorAccessorImpl.java:77)
	at java.base/jdk.internal.reflect.DelegatingConstructorAccessorImpl.newInstance(DelegatingConstructorAccessorImpl.java:45)
	at java.base/java.lang.reflect.Constructor.newInstanceWithCaller(Constructor.java:499)
	at java.base/java.lang.reflect.Constructor.newInstance(Constructor.java:480)
	at org.openqa.selenium.remote.codec.w3c.W3CHttpResponseCodec.createException(W3CHttpResponseCodec.java:200)
	at org.openqa.selenium.remote.codec.w3c.W3CHttpResponseCodec.decode(W3CHttpResponseCodec.java:133)
	at org.openqa.selenium.remote.codec.w3c.W3CHttpResponseCodec.decode(W3CHttpResponseCodec.java:53)
	at org.openqa.selenium.remote.HttpCommandExecutor.execute(HttpCommandExecutor.java:193)
	at org.openqa.selenium.remote.service.DriverCommandExecutor.invokeExecute(DriverCommandExecutor.java:183)
	at org.openqa.selenium.remote.service.DriverCommandExecutor.execute(DriverCommandExecutor.java:158)
	at org.openqa.selenium.remote.RemoteWebDriver.execute(RemoteWebDriver.java:543)
	at org.openqa.selenium.remote.ElementLocation$ElementFinder$2.findElement(ElementLocation.java:162)
	at org.openqa.selenium.remote.ElementLocation.findElement(ElementLocation.java:60)
	at org.openqa.selenium.remote.RemoteWebDriver.findElement(RemoteWebDriver.java:352)
	at org.openqa.selenium.remote.RemoteWebDriver.findElement(RemoteWebDriver.java:344)
	at org.openqa.selenium.support.pagefactory.DefaultElementLocator.findElement(DefaultElementLocator.java:70)
	at org.openqa.selenium.support.pagefactory.internal.LocatingElementHandler.invoke(LocatingElementHandler.java:39)
	at jdk.proxy2/jdk.proxy2.$Proxy22.getText(Unknown Source)
	at com.automationexercise.tests.TestCase16.verifyLoggedInAsUsernameAtTop(TestCase16.java:53)
	at com.automationexercise.tests.TestCase16.placeOrderLoginBeforeCheckout(TestCase16.java:42)
	at java.base/jdk.internal.reflect.NativeMethodAccessorImpl.invoke0(Native Method)
	at java.base/jdk.internal.reflect.NativeMethodAccessorImpl.invoke(NativeMethodAccessorImpl.java:77)
	at java.base/jdk.internal.reflect.DelegatingMethodAccessorImpl.invoke(DelegatingMethodAccessorImpl.java:43)
	at java.base/java.lang.reflect.Method.invoke(Method.java:568)
	at org.testng.internal.invokers.MethodInvocationHelper.invokeMethod(MethodInvocationHelper.java:139)
	at org.testng.internal.invokers.TestInvoker.invokeMethod(TestInvoker.java:677)
	at org.testng.internal.invokers.TestInvoker.invokeTestMethod(TestInvoker.java:221)
	at org.testng.internal.invokers.MethodRunner.runInSequence(MethodRunner.java:50)
	at org.testng.internal.invokers.TestInvoker$MethodInvocationAgent.invoke(TestInvoker.java:969)
	at org.testng.internal.invokers.TestInvoker.invokeTestMethods(TestInvoker.java:194)
	at org.testng.internal.invokers.TestMethodWorker.invokeTestMethods(TestMethodWorker.java:148)
	at org.testng.internal.invokers.TestMethodWorker.run(TestMethodWorker.java:128)
[...]
Element <select id="days" class="form-control" name="days"> is not clickable at point (251,637) because another element <iframe id="aswift_6" name="aswift_6" src="https://googleads.g.doubleclick.net/pagead/html/r20250116/r20190131/zrt_lookup_fy2021.html#RS-0-&adk=1812271801&client=ca-pub-1677597403311019&fa=1&ifi=7&uci=a!7&btvi=5"> obscures it
Build info: version: '4.9.0', revision: 'd7057100a6'
System info: os.name: 'Windows 11', os.arch: 'amd64', os.version: '10.0', java.version: '17.0.9'
Driver info: org.openqa.selenium.firefox.FirefoxDriver
Command: [1b7ed436-987c-45c0-a618-96b22e9aca7e, clickElement {id=d5fc7729-bdea-4dde-96c7-33689202bbe6}]
Capabilities {acceptInsecureCerts: true, browserName: firefox, browserVersion: 133.0.3, moz:accessibilityChecks: false, moz:buildID: 20241209150345, moz:geckodriverVersion: 0.35.0, moz:headless: true, moz:platformVersion: 10.0, moz:processID: 8004, moz:profile: C:\Users\g525585\AppData\Lo..., moz:shutdownTimeout: 60000, moz:webdriverClick: true, moz:windowless: false, pageLoadStrategy: normal, platformName: WINDOWS, proxy: Proxy(), setWindowRect: true, strictFileInteractability: false, timeouts: {implicit: 0, pageLoad: 300000, script: 30000}, unhandledPromptBehavior: dismiss and notify, userAgent: Mozilla/5.0 (Windows NT 10....}
Element: [[[[FirefoxDriver: firefox on WINDOWS (1b7ed436-987c-45c0-a618-96b22e9aca7e)] -> id: days]] -> xpath: .//option[@value = "1"]]
Session ID: 1b7ed436-987c-45c0-a618-96b22e9aca7e
	at java.base/jdk.internal.reflect.NativeConstructorAccessorImpl.newInstance0(Native Method)
	at java.base/jdk.internal.reflect.NativeConstructorAccessorImpl.newInstance(NativeConstructorAccessorImpl.java:77)
	at java.base/jdk.internal.reflect.DelegatingConstructorAccessorImpl.newInstance(DelegatingConstructorAccessorImpl.java:45)
	at java.base/java.lang.reflect.Constructor.newInstanceWithCaller(Constructor.java:499)
	at java.base/java.lang.reflect.Constructor.newInstance(Constructor.java:480)
	at org.openqa.selenium.remote.codec.w3c.W3CHttpResponseCodec.createException(W3CHttpResponseCodec.java:200)
	at org.openqa.selenium.remote.codec.w3c.W3CHttpResponseCodec.decode(W3CHttpResponseCodec.java:133)
	at org.openqa.selenium.remote.codec.w3c.W3CHttpResponseCodec.decode(W3CHttpResponseCodec.java:53)
	at org.openqa.selenium.remote.HttpCommandExecutor.execute(HttpCommandExecutor.java:193)
	at org.openqa.selenium.remote.service.DriverCommandExecutor.invokeExecute(DriverCommandExecutor.java:183)
	at org.openqa.selenium.remote.service.DriverCommandExecutor.execute(DriverCommandExecutor.java:158)
	at org.openqa.selenium.remote.RemoteWebDriver.execute(RemoteWebDriver.java:543)
	at org.openqa.selenium.remote.RemoteWebElement.execute(RemoteWebElement.java:257)
	at org.openqa.selenium.remote.RemoteWebElement.click(RemoteWebElement.java:78)
	at org.openqa.selenium.support.ui.Select.setSelected(Select.java:320)
	at org.openqa.selenium.support.ui.Select.selectByValue(Select.java:195)
	at com.automationexercise.pages.EnterAccountInformationPage.fillAccountDetails(EnterAccountInformationPage.java:90)
	at com.automationexercise.tests.TestCase14.verifyAccountCreatedAndClickContinueButton(TestCase14.java:69)
	at com.automationexercise.tests.TestCase24.downloadInvoiceAfterPurchaseOrder(TestCase24.java:49)
	at java.base/jdk.internal.reflect.NativeMethodAccessorImpl.invoke0(Native Method)
	at java.base/jdk.internal.reflect.NativeMethodAccessorImpl.invoke(NativeMethodAccessorImpl.java:77)
	at java.base/jdk.internal.reflect.DelegatingMethodAccessorImpl.invoke(DelegatingMethodAccessorImpl.java:43)
	at java.base/java.lang.reflect.Method.invoke(Method.java:568)
	at org.testng.internal.invokers.MethodInvocationHelper.invokeMethod(MethodInvocationHelper.java:139)
	at org.testng.internal.invokers.TestInvoker.invokeMethod(TestInvoker.java:677)
	at org.testng.internal.invokers.TestInvoker.invokeTestMethod(TestInvoker.java:221)
	at org.testng.internal.invokers.MethodRunner.runInSequence(MethodRunner.java:50)
	at org.testng.internal.invokers.TestInvoker$MethodInvocationAgent.invoke(TestInvoker.java:969)
	at org.testng.internal.invokers.TestInvoker.invokeTestMethods(TestInvoker.java:194)
	at org.testng.internal.invokers.TestMethodWorker.invokeTestMethods(TestMethodWorker.java:148)
	at org.testng.internal.invokers.TestMethodWorker.run(TestMethodWorker.java:128)
	at java.base/java.util.concurrent.ThreadPoolExecutor.runWorker(ThreadPoolExecutor.java:1136)
	at java.base/java.util.concurrent.ThreadPoolExecutor$Worker.run(ThreadPoolExecutor.java:635)
	at java.base/java.lang.Thread.run(Thread.java:842)
]]></failure>
    <system-err><![CDATA[1737563905474	Marionette	INFO	Stopped listening on port 56904
JavaScript warning: https://pagead2.googlesyndication.com/pagead/managed/js/activeview/current/ufs_web_display.js, line 13: Script terminated by timeout at:
C@https://pagead2.googlesyndication.com/pagead/managed/js/activeview/current/ufs_web_display.js:13:325
Sa.prototype.Ub/<@https://pagead2.googlesyndication.com/pagead/managed/js/activeview/current/ufs_web_display.js:48:280

Dynamically enable window occlusion 1
1737563907832	geckodriver	INFO	Listening on 127.0.0.1:30141
1737563907966	mozrunner::runner	INFO	Running command: "C:\\Program Files\\Mozilla Firefox\\firefox.exe" "--marionette" "--headless" "--private" "--remote-debuggin ... calhost:32617/,http://[::1]:32617/" "-no-remote" "-profile" "C:\\Users\\g525585\\AppData\\Local\\Temp\\rust_mozprofileLQzw2X"
*** You are running in headless mode.
console.warn: services.settings: Ignoring preference override of remote settings server
console.warn: services.settings: Allow by setting MOZ_REMOTE_SETTINGS_DEVTOOLS=1 in the environment
Dynamically enable window occlusion 0
1737563908899	Marionette	INFO	Marionette enabled
1737563909199	Marionette	INFO	Listening on port 57110
Read port: 57110
WebDriver BiDi listening on ws://127.0.0.1:32617
1737563909298	RemoteAgent	WARN	TLS certificate errors will be ignored for this session
[GFX1-]: RenderCompositorSWGL failed mapping default framebuffer, no dt
console.error: ({})
JavaScript warning: https://automationexercise.com/static/js/jquery.js, line 2: Using //@ to indicate sourceMappingURL pragmas is deprecated. Use //# instead
JavaScript warning: https://pagead2.googlesyndication.com/bg/-ZrLev80KaSl5LH5OCbnZGHu6yLSb3tRGuwaxGVnUsM.js line 2 > eval line 4145 > eval line 1 > eval line 1 > eval, line 1: WEBGL_debug_renderer_info is deprecated in Firefox and will be removed. Please use RENDERER.
JavaScript warning: https://automationexercise.com/static/js/jquery.js, line 2: Using //@ to indicate sourceMappingURL pragmas is deprecated. Use //# instead
JavaScript warning: https://automationexercise.com/static/js/jquery.js, line 2: Using //@ to indicate sourceMappingURL pragmas is deprecated. Use //# instead
console.warn: LoginRecipes: "Falling back to a synchronous message for: https://automationexercise.com."
console.warn: LoginRecipes: "Falling back to a synchronous message for: https://automationexercise.com."
console.warn: LoginRecipes: "Falling back to a synchronous message for: https://automationexercise.com."
console.warn: LoginRecipes: "Falling back to a synchronous message for: https://automationexercise.com."
JavaScript warning: https://pagead2.googlesyndication.com/bg/-ZrLev80KaSl5LH5OCbnZGHu6yLSb3tRGuwaxGVnUsM.js line 2 > eval line 4968 > eval line 1 > eval line 1 > eval, line 1: WEBGL_debug_renderer_info is deprecated in Firefox and will be removed. Please use RENDERER.
JavaScript warning: https://automationexercise.com/static/js/jquery.js, line 2: Using //@ to indicate sourceMappingURL pragmas is deprecated. Use //# instead
console.error: ({})
JavaScript error: resource://gre/actors/FormHandlerChild.sys.mjs, line 103: InvalidStateError: JSWindowActorChild.document getter: Cannot access property 'document' after actor 'FormHandler' has been destroyed
]]></system-err>
  </testcase>
  <testcase name="verifyScrollUpUsingArrowButtonAndScrollDownFunctionality" classname="com.automationexercise.tests.TestCase25" time="1.421">
    <failure message="class java.lang.Long cannot be cast to class java.lang.Double (java.lang.Long and java.lang.Double are in module java.base of loader &apos;bootstrap&apos;)" type="java.lang.ClassCastException"><![CDATA[java.lang.ClassCastException: class java.lang.Long cannot be cast to class java.lang.Double (java.lang.Long and java.lang.Double are in module java.base of loader 'bootstrap')
	at com.automationexercise.tests.TestCase25.verifyThatPageIsScrolledUpAndFullFledgedPracticeWebsiteForAutomationEngineersTextIsVisibleOnScreen(TestCase25.java:47)
	at com.automationexercise.tests.TestCase25.verifyScrollUpUsingArrowButtonAndScrollDownFunctionality(TestCase25.java:27)
	at java.base/jdk.internal.reflect.NativeMethodAccessorImpl.invoke0(Native Method)
	at java.base/jdk.internal.reflect.NativeMethodAccessorImpl.invoke(NativeMethodAccessorImpl.java:77)
	at java.base/jdk.internal.reflect.DelegatingMethodAccessorImpl.invoke(DelegatingMethodAccessorImpl.java:43)
	at java.base/java.lang.reflect.Method.invoke(Method.java:568)
	at org.testng.internal.invokers.MethodInvocationHelper.invokeMethod(MethodInvocationHelper.java:139)
	at org.testng.internal.invokers.TestInvoker.invokeMethod(TestInvoker.java:677)
	at org.testng.internal.invokers.TestInvoker.invokeTestMethod(TestInvoker.java:221)
	at org.testng.internal.invokers.MethodRunner.runInSequence(MethodRunner.java:50)
	at org.testng.internal.invokers.TestInvoker$MethodInvocationAgent.invoke(TestInvoker.java:969)
	at org.testng.internal.invokers.TestInvoker.invokeTestMethods(TestInvoker.java:194)
	at org.testng.internal.invokers.TestMethodWorker.invokeTestMethods(TestMethodWorker.java:148)
	at org.testng.internal.invokers.TestMethodWorker.run(TestMethodWorker.java:128)
	at java.base/java.util.concurrent.ThreadPoolExecutor.runWorker(ThreadPoolExecutor.java:1136)
	at java.base/java.util.concurrent.ThreadPoolExecutor$Worker.run(ThreadPoolExecutor.java:635)
	at java.base/java.lang.Thread.run(Thread.java:842)
]]></failure>
    <system-err><![CDATA[1737563926936	Marionette	INFO	Stopped listening on port 57110
JavaScript warning: https://pagead2.googlesyndication.com/pagead/managed/js/adsense/m202501160401/reactive_library_fy2021.js, line 58: Script terminated by timeout at:
V/<@https://pagead2.googlesyndication.com/pagead/managed/js/adsense/m202501160401/reactive_library_fy2021.js:58:835

JavaScript warning: https://pagead2.googlesyndication.com/bg/-ZrLev80KaSl5LH5OCbnZGHu6yLSb3tRGuwaxGVnUsM.js line 2 > eval line 6341 > eval line 1 > eval line 1 > eval, line 1: Script terminated by timeout at:
b@https://pagead2.googlesyndication.com/bg/-ZrLev80KaSl5LH5OCbnZGHu6yLSb3tRGuwaxGVnUsM.js line 2 > eval line 6341 > eval line 1 > eval line 1 > eval:1:24
@https://pagead2.googlesyndication.com/bg/-ZrLev80KaSl5LH5OCbnZGHu6yLSb3tRGuwaxGVnUsM.js line 2 > eval line 6341 > eval line 1 > eval line 1 > eval:1:128
fb@https://pagead2.googlesyndication.com/bg/-ZrLev80KaSl5LH5OCbnZGHu6yLSb3tRGuwaxGVnUsM.js line 2 > eval line 6341 > eval line 1 > eval line 1 > eval:1:203
JZ@https://pagead2.googlesyndication.com/bg/-ZrLev80KaSl5LH5OCbnZGHu6yLSb3tRGuwaxGVnUsM.js line 2 > eval line 6341 > eval line 1 > eval line 1 > eval:1:48
@https://pagead2.googlesyndication.com/bg/-ZrLev80KaSl5LH5OCbnZGHu6yLSb3tRGuwaxGVnUsM.js line 2 > eval:6341:50962
Dr@https://pagead2.googlesyndication.com/bg/-ZrLev80KaSl5LH5OCbnZGHu6yLSb3tRGuwaxGVnUsM.js line 2 > eval:6341:35136
$P@https://pagead2.googlesyndication.com/bg/-ZrLev80KaSl5LH5OCbnZGHu6yLSb3tRGuwaxGVnUsM.js line 2 > eval:6341:16798
M@https://pagead2.googlesyndication.com/bg/-ZrLev80KaSl5LH5OCbnZGHu6yLSb3tRGuwaxGVnUsM.js line 2 > eval:6341:11734
$P/<@https://pagead2.googlesyndication.com/bg/-ZrLev80KaSl5LH5OCbnZGHu6yLSb3tRGuwaxGVnUsM.js line 2 > eval:6341:17281
C1</<@https://pagead2.googlesyndication.com/bg/-ZrLev80KaSl5LH5OCbnZGHu6yLSb3tRGuwaxGVnUsM.js line 2 > eval:6341:48971

JavaScript warning: https://pagead2.googlesyndication.com/pagead/managed/js/activeview/current/ufs_web_display.js, line 13: Script terminated by timeout at:
C@https://pagead2.googlesyndication.com/pagead/managed/js/activeview/current/ufs_web_display.js:13:325
Sa.prototype.Ub/<@https://pagead2.googlesyndication.com/pagead/managed/js/activeview/current/ufs_web_display.js:48:280

Dynamically enable window occlusion 1
JavaScript error: , line 0: TypeError: NetworkError when attempting to fetch resource.
JavaScript error: , line 0: TypeError: NetworkError when attempting to fetch resource.
1737563929002	geckodriver	INFO	Listening on 127.0.0.1:39410
1737563929095	mozrunner::runner	INFO	Running command: "C:\\Program Files\\Mozilla Firefox\\firefox.exe" "--marionette" "--headless" "--private" "--remote-debuggin ... calhost:45972/,http://[::1]:45972/" "-no-remote" "-profile" "C:\\Users\\g525585\\AppData\\Local\\Temp\\rust_mozprofileL6MRPy"
*** You are running in headless mode.
console.warn: services.settings: Ignoring preference override of remote settings server
console.warn: services.settings: Allow by setting MOZ_REMOTE_SETTINGS_DEVTOOLS=1 in the environment
Dynamically enable window occlusion 0
1737563929799	Marionette	INFO	Marionette enabled
1737563930006	Marionette	INFO	Listening on port 57282
WebDriver BiDi listening on ws://127.0.0.1:45972
Read port: 57282
1737563930227	RemoteAgent	WARN	TLS certificate errors will be ignored for this session
[GFX1-]: RenderCompositorSWGL failed mapping default framebuffer, no dt
console.error: ({})
JavaScript warning: https://automationexercise.com/static/js/jquery.js, line 2: Using //@ to indicate sourceMappingURL pragmas is deprecated. Use //# instead
]]></system-err>
  </testcase>
  <testcase name="verifyScrollUpWithoutArrowButtonAndScrollDownFunctionality" classname="com.automationexercise.tests.TestCase26" time="1.22">
    <failure message="class java.lang.Long cannot be cast to class java.lang.Double (java.lang.Long and java.lang.Double are in module java.base of loader &apos;bootstrap&apos;)" type="java.lang.ClassCastException"><![CDATA[java.lang.ClassCastException: class java.lang.Long cannot be cast to class java.lang.Double (java.lang.Long and java.lang.Double are in module java.base of loader 'bootstrap')
	at com.automationexercise.tests.TestCase26.verifyThatPageIsScrolledUpAndFullFledgedPracticeWebsiteForAutomationEngineersTextIsVisibleOnScreen(TestCase26.java:37)
	at com.automationexercise.tests.TestCase26.verifyScrollUpWithoutArrowButtonAndScrollDownFunctionality(TestCase26.java:27)
	at java.base/jdk.internal.reflect.NativeMethodAccessorImpl.invoke0(Native Method)
	at java.base/jdk.internal.reflect.NativeMethodAccessorImpl.invoke(NativeMethodAccessorImpl.java:77)
	at java.base/jdk.internal.reflect.DelegatingMethodAccessorImpl.invoke(DelegatingMethodAccessorImpl.java:43)
	at java.base/java.lang.reflect.Method.invoke(Method.java:568)
	at org.testng.internal.invokers.MethodInvocationHelper.invokeMethod(MethodInvocationHelper.java:139)
	at org.testng.internal.invokers.TestInvoker.invokeMethod(TestInvoker.java:677)
	at org.testng.internal.invokers.TestInvoker.invokeTestMethod(TestInvoker.java:221)
	at org.testng.internal.invokers.MethodRunner.runInSequence(MethodRunner.java:50)
	at org.testng.internal.invokers.TestInvoker$MethodInvocationAgent.invoke(TestInvoker.java:969)
	at org.testng.internal.invokers.TestInvoker.invokeTestMethods(TestInvoker.java:194)
	at org.testng.internal.invokers.TestMethodWorker.invokeTestMethods(TestMethodWorker.java:148)
	at org.testng.internal.invokers.TestMethodWorker.run(TestMethodWorker.java:128)
	at java.base/java.util.concurrent.ThreadPoolExecutor.runWorker(ThreadPoolExecutor.java:1136)
	at java.base/java.util.concurrent.ThreadPoolExecutor$Worker.run(ThreadPoolExecutor.java:635)
	at java.base/java.lang.Thread.run(Thread.java:842)
]]></failure>
    <system-err><![CDATA[1737563947429	Marionette	INFO	Stopped listening on port 57282
JavaScript warning: https://automationexercise.com/static/js/jquery.js, line 6: Script terminated by timeout at:
x.fx.tick@https://automationexercise.com/static/js/jquery.js:6:25787

JavaScript warning: https://pagead2.googlesyndication.com/bg/-ZrLev80KaSl5LH5OCbnZGHu6yLSb3tRGuwaxGVnUsM.js line 2 > eval line 1799 > eval line 1 > eval line 1 > eval, line 1: Script terminated by timeout at:
b@https://pagead2.googlesyndication.com/bg/-ZrLev80KaSl5LH5OCbnZGHu6yLSb3tRGuwaxGVnUsM.js line 2 > eval line 1799 > eval line 1 > eval line 1 > eval:1:24
@https://pagead2.googlesyndication.com/bg/-ZrLev80KaSl5LH5OCbnZGHu6yLSb3tRGuwaxGVnUsM.js line 2 > eval line 1799 > eval line 1 > eval line 1 > eval:1:128
fb@https://pagead2.googlesyndication.com/bg/-ZrLev80KaSl5LH5OCbnZGHu6yLSb3tRGuwaxGVnUsM.js line 2 > eval line 1799 > eval line 1 > eval line 1 > eval:1:203
JZ@https://pagead2.googlesyndication.com/bg/-ZrLev80KaSl5LH5OCbnZGHu6yLSb3tRGuwaxGVnUsM.js line 2 > eval line 1799 > eval line 1 > eval line 1 > eval:1:48
@https://pagead2.googlesyndication.com/bg/-ZrLev80KaSl5LH5OCbnZGHu6yLSb3tRGuwaxGVnUsM.js line 2 > eval:1799:50962
Dr@https://pagead2.googlesyndication.com/bg/-ZrLev80KaSl5LH5OCbnZGHu6yLSb3tRGuwaxGVnUsM.js line 2 > eval:1799:35136
$P@https://pagead2.googlesyndication.com/bg/-ZrLev80KaSl5LH5OCbnZGHu6yLSb3tRGuwaxGVnUsM.js line 2 > eval:1799:16798
M@https://pagead2.googlesyndication.com/bg/-ZrLev80KaSl5LH5OCbnZGHu6yLSb3tRGuwaxGVnUsM.js line 2 > eval:1799:11734
$P/<@https://pagead2.googlesyndication.com/bg/-ZrLev80KaSl5LH5OCbnZGHu6yLSb3tRGuwaxGVnUsM.js line 2 > eval:1799:17281
C1</<@https://pagead2.googlesyndication.com/bg/-ZrLev80KaSl5LH5OCbnZGHu6yLSb3tRGuwaxGVnUsM.js line 2 > eval:1799:48971

Dynamically enable window occlusion 1
1737563949486	geckodriver	INFO	Listening on 127.0.0.1:13458
1737563949585	mozrunner::runner	INFO	Running command: "C:\\Program Files\\Mozilla Firefox\\firefox.exe" "--marionette" "--headless" "--private" "--remote-debuggin ... calhost:34788/,http://[::1]:34788/" "-no-remote" "-profile" "C:\\Users\\g525585\\AppData\\Local\\Temp\\rust_mozprofileke9vIn"
*** You are running in headless mode.
console.warn: services.settings: Ignoring preference override of remote settings server
console.warn: services.settings: Allow by setting MOZ_REMOTE_SETTINGS_DEVTOOLS=1 in the environment
Dynamically enable window occlusion 0
1737563950259	Marionette	INFO	Marionette enabled
1737563950474	Marionette	INFO	Listening on port 57362
WebDriver BiDi listening on ws://127.0.0.1:34788
Read port: 57362
1737563950708	RemoteAgent	WARN	TLS certificate errors will be ignored for this session
[GFX1-]: RenderCompositorSWGL failed mapping default framebuffer, no dt
console.error: ({})
JavaScript warning: https://automationexercise.com/static/js/jquery.js, line 2: Using //@ to indicate sourceMappingURL pragmas is deprecated. Use //# instead
]]></system-err>
  </testcase>
</testsuite>