<?xml version="1.0" encoding="UTF-8"?>
<testsuite xmlns:xsi="http://www.w3.org/2001/XMLSchema-instance" xsi:noNamespaceSchemaLocation="https://maven.apache.org/surefire/maven-surefire-plugin/xsd/surefire-test-report-3.0.xsd" version="3.0" name="TestSuite" time="40.169" tests="1" errors="0" skipped="0" failures="0">
  <properties>
[...]
</properties>
  <testcase name="registerUser" classname="com.automationexercise.tests.TestCase1" time="17.737">
    <system-err><![CDATA[SLF4J: Class path contains multiple SLF4J providers.
SLF4J: Found provider [org.slf4j.simple.SimpleServiceProvider@7188af83]
SLF4J: Found provider [ch.qos.logback.classic.spi.LogbackServiceProvider@6be968ce]
SLF4J: See https://www.slf4j.org/codes.html#multiple_bindings for an explanation.
SLF4J: Actual provider is of type [org.slf4j.simple.SimpleServiceProvider@7188af83]
]]></system-err>
  </testcase>
</testsuite>